  [1m[36m (6.2ms)[0m  [1mCREATE TABLE "schema_migrations" ("version" character varying(255) NOT NULL) [0m
  [1m[35m (12.5ms)[0m  CREATE UNIQUE INDEX  "unique_schema_migrations" ON "schema_migrations"  ("version")
  [1m[36mActiveRecord::SchemaMigration Load (0.7ms)[0m  [1mSELECT "schema_migrations".* FROM "schema_migrations"[0m
Migrating to CreateUsers (20140613192523)
  [1m[35m (0.2ms)[0m  BEGIN
  [1m[36m (7.1ms)[0m  [1mCREATE TABLE "users" ("id" serial primary key, "created_at" timestamp, "updated_at" timestamp) [0m
  [1m[35mSQL (0.4ms)[0m  INSERT INTO "schema_migrations" ("version") VALUES ($1)  [["version", "20140613192523"]]
  [1m[36m (1.2ms)[0m  [1mCOMMIT[0m
Migrating to CreateLessons (20140613192537)
  [1m[35m (0.5ms)[0m  BEGIN
  [1m[36m (6.7ms)[0m  [1mCREATE TABLE "lessons" ("id" serial primary key, "difficulty_level" integer, "language_id" integer, "created_at" timestamp, "updated_at" timestamp) [0m
  [1m[35mSQL (0.3ms)[0m  INSERT INTO "schema_migrations" ("version") VALUES ($1)  [["version", "20140613192537"]]
  [1m[36m (1.3ms)[0m  [1mCOMMIT[0m
Migrating to CreateLanguages (20140613193642)
  [1m[35m (0.3ms)[0m  BEGIN
  [1m[36m (4.9ms)[0m  [1mCREATE TABLE "languages" ("id" serial primary key, "name" character varying(255), "created_at" timestamp, "updated_at" timestamp) [0m
  [1m[35mSQL (0.4ms)[0m  INSERT INTO "schema_migrations" ("version") VALUES ($1)  [["version", "20140613193642"]]
  [1m[36m (1.6ms)[0m  [1mCOMMIT[0m
Migrating to CreateScripts (20140613193710)
  [1m[35m (0.4ms)[0m  BEGIN
  [1m[36m (5.8ms)[0m  [1mCREATE TABLE "scripts" ("id" serial primary key, "text" character varying(255), "lesson_id" integer, "sub_difficulty" integer, "average_cps" integer, "created_at" timestamp, "updated_at" timestamp) [0m
  [1m[35mSQL (0.3ms)[0m  INSERT INTO "schema_migrations" ("version") VALUES ($1)  [["version", "20140613193710"]]
  [1m[36m (1.7ms)[0m  [1mCOMMIT[0m
Migrating to CreatePerformances (20140613193723)
  [1m[35m (0.3ms)[0m  BEGIN
  [1m[36m (6.1ms)[0m  [1mCREATE TABLE "performances" ("id" serial primary key, "number_missed" integer, "total_characters" integer, "time_elapsed" time, "wpm" float, "missed_characters" character varying(255), "script_id" integer, "user_id" integer, "created_at" timestamp, "updated_at" timestamp) [0m
  [1m[35mSQL (0.5ms)[0m  INSERT INTO "schema_migrations" ("version") VALUES ($1)  [["version", "20140613193723"]]
  [1m[36m (1.3ms)[0m  [1mCOMMIT[0m
Migrating to CreateTracks (20140613195200)
  [1m[35m (0.2ms)[0m  BEGIN
  [1m[36m (5.2ms)[0m  [1mCREATE TABLE "tracks" ("id" serial primary key, "user_id" integer, "lesson_id" integer, "created_at" timestamp, "updated_at" timestamp) [0m
  [1m[35mSQL (0.4ms)[0m  INSERT INTO "schema_migrations" ("version") VALUES ($1)  [["version", "20140613195200"]]
  [1m[36m (1.8ms)[0m  [1mCOMMIT[0m
Migrating to AddDeviseToUsers (20140615012535)
  [1m[35m (0.3ms)[0m  BEGIN
  [1m[36m (7.9ms)[0m  [1mALTER TABLE "users" ADD COLUMN "email" character varying(255) DEFAULT '' NOT NULL[0m
  [1m[35m (12.9ms)[0m  ALTER TABLE "users" ADD COLUMN "encrypted_password" character varying(255) DEFAULT '' NOT NULL
  [1m[36m (0.6ms)[0m  [1mALTER TABLE "users" ADD COLUMN "reset_password_token" character varying(255)[0m
  [1m[35m (0.4ms)[0m  ALTER TABLE "users" ADD COLUMN "reset_password_sent_at" timestamp
  [1m[36m (0.5ms)[0m  [1mALTER TABLE "users" ADD COLUMN "remember_created_at" timestamp[0m
  [1m[35m (10.2ms)[0m  ALTER TABLE "users" ADD COLUMN "sign_in_count" integer DEFAULT 0 NOT NULL
  [1m[36m (0.7ms)[0m  [1mALTER TABLE "users" ADD COLUMN "current_sign_in_at" timestamp[0m
  [1m[35m (0.6ms)[0m  ALTER TABLE "users" ADD COLUMN "last_sign_in_at" timestamp
  [1m[36m (0.6ms)[0m  [1mALTER TABLE "users" ADD COLUMN "current_sign_in_ip" character varying(255)[0m
  [1m[35m (0.5ms)[0m  ALTER TABLE "users" ADD COLUMN "last_sign_in_ip" character varying(255)
  [1m[36m (3.9ms)[0m  [1mCREATE UNIQUE INDEX  "index_users_on_email" ON "users"  ("email")[0m
  [1m[35m (3.0ms)[0m  CREATE UNIQUE INDEX  "index_users_on_reset_password_token" ON "users"  ("reset_password_token")
  [1m[36mSQL (0.5ms)[0m  [1mINSERT INTO "schema_migrations" ("version") VALUES ($1)[0m  [["version", "20140615012535"]]
  [1m[35m (2.7ms)[0m  COMMIT
  [1m[36mActiveRecord::SchemaMigration Load (0.4ms)[0m  [1mSELECT "schema_migrations".* FROM "schema_migrations"[0m
  [1m[36mActiveRecord::SchemaMigration Load (0.8ms)[0m  [1mSELECT "schema_migrations".* FROM "schema_migrations"[0m
  [1m[35mLanguage Load (0.9ms)[0m  SELECT "languages".* FROM "languages"
  [1m[36mLesson Load (0.8ms)[0m  [1mSELECT "lessons".* FROM "lessons"[0m
  [1m[35mScript Load (0.8ms)[0m  SELECT "scripts".* FROM "scripts"
  [1m[36m (0.3ms)[0m  [1mBEGIN[0m
  [1m[35mSQL (1.1ms)[0m  INSERT INTO "languages" ("created_at", "name", "updated_at") VALUES ($1, $2, $3) RETURNING "id"  [["created_at", "2014-06-16 21:56:38.089179"], ["name", "JavaScript"], ["updated_at", "2014-06-16 21:56:38.089179"]]
  [1m[36m (1.2ms)[0m  [1mCOMMIT[0m
  [1m[35m (0.3ms)[0m  BEGIN
  [1m[36mSQL (0.5ms)[0m  [1mINSERT INTO "languages" ("created_at", "name", "updated_at") VALUES ($1, $2, $3) RETURNING "id"[0m  [["created_at", "2014-06-16 21:56:38.098784"], ["name", "Ruby"], ["updated_at", "2014-06-16 21:56:38.098784"]]
  [1m[35m (1.2ms)[0m  COMMIT
  [1m[36m (0.3ms)[0m  [1mBEGIN[0m
  [1m[35mSQL (0.6ms)[0m  INSERT INTO "languages" ("created_at", "name", "updated_at") VALUES ($1, $2, $3) RETURNING "id"  [["created_at", "2014-06-16 21:56:38.104022"], ["name", "Python"], ["updated_at", "2014-06-16 21:56:38.104022"]]
  [1m[36m (1.1ms)[0m  [1mCOMMIT[0m
  [1m[35m (0.3ms)[0m  BEGIN
  [1m[36mSQL (0.9ms)[0m  [1mINSERT INTO "lessons" ("created_at", "difficulty_level", "language_id", "updated_at") VALUES ($1, $2, $3, $4) RETURNING "id"[0m  [["created_at", "2014-06-16 21:56:38.128736"], ["difficulty_level", 1], ["language_id", 1], ["updated_at", "2014-06-16 21:56:38.128736"]]
  [1m[35m (1.2ms)[0m  COMMIT
  [1m[36m (0.3ms)[0m  [1mBEGIN[0m
  [1m[35mSQL (0.6ms)[0m  INSERT INTO "lessons" ("created_at", "difficulty_level", "language_id", "updated_at") VALUES ($1, $2, $3, $4) RETURNING "id"  [["created_at", "2014-06-16 21:56:38.134684"], ["difficulty_level", 2], ["language_id", 1], ["updated_at", "2014-06-16 21:56:38.134684"]]
  [1m[36m (1.2ms)[0m  [1mCOMMIT[0m
  [1m[35m (0.2ms)[0m  BEGIN
  [1m[36mSQL (0.5ms)[0m  [1mINSERT INTO "lessons" ("created_at", "difficulty_level", "language_id", "updated_at") VALUES ($1, $2, $3, $4) RETURNING "id"[0m  [["created_at", "2014-06-16 21:56:38.141391"], ["difficulty_level", 1], ["language_id", 2], ["updated_at", "2014-06-16 21:56:38.141391"]]
  [1m[35m (1.0ms)[0m  COMMIT
  [1m[36m (0.1ms)[0m  [1mBEGIN[0m
  [1m[35mSQL (0.4ms)[0m  INSERT INTO "lessons" ("created_at", "difficulty_level", "language_id", "updated_at") VALUES ($1, $2, $3, $4) RETURNING "id"  [["created_at", "2014-06-16 21:56:38.145893"], ["difficulty_level", 2], ["language_id", 2], ["updated_at", "2014-06-16 21:56:38.145893"]]
  [1m[36m (1.0ms)[0m  [1mCOMMIT[0m
  [1m[35m (0.3ms)[0m  BEGIN
  [1m[36mSQL (0.5ms)[0m  [1mINSERT INTO "lessons" ("created_at", "difficulty_level", "language_id", "updated_at") VALUES ($1, $2, $3, $4) RETURNING "id"[0m  [["created_at", "2014-06-16 21:56:38.149880"], ["difficulty_level", 1], ["language_id", 3], ["updated_at", "2014-06-16 21:56:38.149880"]]
  [1m[35m (1.0ms)[0m  COMMIT
  [1m[36m (0.2ms)[0m  [1mBEGIN[0m
  [1m[35mSQL (0.5ms)[0m  INSERT INTO "lessons" ("created_at", "difficulty_level", "language_id", "updated_at") VALUES ($1, $2, $3, $4) RETURNING "id"  [["created_at", "2014-06-16 21:56:38.153517"], ["difficulty_level", 2], ["language_id", 3], ["updated_at", "2014-06-16 21:56:38.153517"]]
  [1m[36m (1.2ms)[0m  [1mCOMMIT[0m
  [1m[35m (0.3ms)[0m  BEGIN
  [1m[36mSQL (1.1ms)[0m  [1mINSERT INTO "scripts" ("average_cps", "created_at", "lesson_id", "sub_difficulty", "text", "updated_at") VALUES ($1, $2, $3, $4, $5, $6) RETURNING "id"[0m  [["average_cps", 0], ["created_at", "2014-06-16 21:56:38.180252"], ["lesson_id", 1], ["sub_difficulty", 1], ["text", "$(document).ready(function () { });"], ["updated_at", "2014-06-16 21:56:38.180252"]]
  [1m[35m (1.2ms)[0m  COMMIT
  [1m[36m (0.3ms)[0m  [1mBEGIN[0m
  [1m[35mSQL (0.7ms)[0m  INSERT INTO "scripts" ("average_cps", "created_at", "lesson_id", "sub_difficulty", "text", "updated_at") VALUES ($1, $2, $3, $4, $5, $6) RETURNING "id"  [["average_cps", 0], ["created_at", "2014-06-16 21:56:38.185981"], ["lesson_id", 1], ["sub_difficulty", 2], ["text", "function Item(name, price) {this.name = name; this.price = price;}"], ["updated_at", "2014-06-16 21:56:38.185981"]]
  [1m[36m (1.5ms)[0m  [1mCOMMIT[0m
  [1m[35m (0.1ms)[0m  BEGIN
  [1m[36mSQL (0.5ms)[0m  [1mINSERT INTO "scripts" ("average_cps", "created_at", "lesson_id", "sub_difficulty", "text", "updated_at") VALUES ($1, $2, $3, $4, $5, $6) RETURNING "id"[0m  [["average_cps", 0], ["created_at", "2014-06-16 21:56:38.189541"], ["lesson_id", 1], ["sub_difficulty", 3], ["text", "var list = [] $('#store_list tr.item').each(function(){var name = $(this).find('.item_name') });"], ["updated_at", "2014-06-16 21:56:38.189541"]]
  [1m[35m (1.0ms)[0m  COMMIT
  [1m[36m (0.0ms)[0m  [1mBEGIN[0m
  [1m[35mSQL (0.3ms)[0m  INSERT INTO "scripts" ("average_cps", "created_at", "lesson_id", "sub_difficulty", "text", "updated_at") VALUES ($1, $2, $3, $4, $5, $6) RETURNING "id"  [["average_cps", 0], ["created_at", "2014-06-16 21:56:38.192076"], ["lesson_id", 1], ["sub_difficulty", 4], ["text", "var newItem = new Item() newItem['name'] = list[i].name;"], ["updated_at", "2014-06-16 21:56:38.192076"]]
  [1m[36m (1.0ms)[0m  [1mCOMMIT[0m
  [1m[35m (0.2ms)[0m  BEGIN
  [1m[36mSQL (0.4ms)[0m  [1mINSERT INTO "scripts" ("average_cps", "created_at", "lesson_id", "sub_difficulty", "text", "updated_at") VALUES ($1, $2, $3, $4, $5, $6) RETURNING "id"[0m  [["average_cps", 0], ["created_at", "2014-06-16 21:56:38.195555"], ["lesson_id", 1], ["sub_difficulty", 5], ["text", "StoreList.prototype.getItems = function() {for (var i = 0; i < list.length; i ++)"], ["updated_at", "2014-06-16 21:56:38.195555"]]
  [1m[35m (1.1ms)[0m  COMMIT
  [1m[36m (0.2ms)[0m  [1mBEGIN[0m
  [1m[35mSQL (0.5ms)[0m  INSERT INTO "scripts" ("average_cps", "created_at", "lesson_id", "sub_difficulty", "text", "updated_at") VALUES ($1, $2, $3, $4, $5, $6) RETURNING "id"  [["average_cps", 0], ["created_at", "2014-06-16 21:56:38.199866"], ["lesson_id", 1], ["sub_difficulty", 6], ["text", "var price = $(this).find('.item_price') list.push({name: name[0].innerHTML, price: price[0].innerHTML})"], ["updated_at", "2014-06-16 21:56:38.199866"]]
  [1m[36m (1.1ms)[0m  [1mCOMMIT[0m
  [1m[35m (0.2ms)[0m  BEGIN
  [1m[36mSQL (0.3ms)[0m  [1mINSERT INTO "scripts" ("average_cps", "created_at", "lesson_id", "sub_difficulty", "text", "updated_at") VALUES ($1, $2, $3, $4, $5, $6) RETURNING "id"[0m  [["average_cps", 0], ["created_at", "2014-06-16 21:56:38.204951"], ["lesson_id", 2], ["sub_difficulty", 1], ["text", "$.post(\"/ajax\", data, function(returnValue)"], ["updated_at", "2014-06-16 21:56:38.204951"]]
  [1m[35m (0.9ms)[0m  COMMIT
  [1m[36m (0.2ms)[0m  [1mBEGIN[0m
  [1m[35mSQL (0.3ms)[0m  INSERT INTO "scripts" ("average_cps", "created_at", "lesson_id", "sub_difficulty", "text", "updated_at") VALUES ($1, $2, $3, $4, $5, $6) RETURNING "id"  [["average_cps", 0], ["created_at", "2014-06-16 21:56:38.208250"], ["lesson_id", 2], ["sub_difficulty", 2], ["text", "console.log(returnValue);"], ["updated_at", "2014-06-16 21:56:38.208250"]]
  [1m[36m (0.9ms)[0m  [1mCOMMIT[0m
  [1m[35m (0.2ms)[0m  BEGIN
  [1m[36mSQL (0.3ms)[0m  [1mINSERT INTO "scripts" ("average_cps", "created_at", "lesson_id", "sub_difficulty", "text", "updated_at") VALUES ($1, $2, $3, $4, $5, $6) RETURNING "id"[0m  [["average_cps", 0], ["created_at", "2014-06-16 21:56:38.211465"], ["lesson_id", 2], ["sub_difficulty", 3], ["text", "var data = window.location.pathname.substr(1);"], ["updated_at", "2014-06-16 21:56:38.211465"]]
  [1m[35m (0.9ms)[0m  COMMIT
  [1m[36m (0.1ms)[0m  [1mBEGIN[0m
  [1m[35mSQL (0.3ms)[0m  INSERT INTO "scripts" ("average_cps", "created_at", "lesson_id", "sub_difficulty", "text", "updated_at") VALUES ($1, $2, $3, $4, $5, $6) RETURNING "id"  [["average_cps", 0], ["created_at", "2014-06-16 21:56:38.214644"], ["lesson_id", 2], ["sub_difficulty", 4], ["text", "$('#ajax_page').ready(function(){})"], ["updated_at", "2014-06-16 21:56:38.214644"]]
  [1m[36m (0.9ms)[0m  [1mCOMMIT[0m
  [1m[35m (0.2ms)[0m  BEGIN
  [1m[36mSQL (0.3ms)[0m  [1mINSERT INTO "scripts" ("average_cps", "created_at", "lesson_id", "sub_difficulty", "text", "updated_at") VALUES ($1, $2, $3, $4, $5, $6) RETURNING "id"[0m  [["average_cps", 0], ["created_at", "2014-06-16 21:56:38.217917"], ["lesson_id", 2], ["sub_difficulty", 5], ["text", "$.post(url, data, function(response){ $('#partial').html(response);});"], ["updated_at", "2014-06-16 21:56:38.217917"]]
  [1m[35m (0.9ms)[0m  COMMIT
  [1m[36m (0.2ms)[0m  [1mBEGIN[0m
  [1m[35mSQL (0.3ms)[0m  INSERT INTO "scripts" ("average_cps", "created_at", "lesson_id", "sub_difficulty", "text", "updated_at") VALUES ($1, $2, $3, $4, $5, $6) RETURNING "id"  [["average_cps", 0], ["created_at", "2014-06-16 21:56:38.221197"], ["lesson_id", 2], ["sub_difficulty", 6], ["text", "var data = $('input[type='radio']:checked').data();"], ["updated_at", "2014-06-16 21:56:38.221197"]]
  [1m[36m (0.9ms)[0m  [1mCOMMIT[0m
  [1m[35m (0.1ms)[0m  BEGIN
  [1m[36mSQL (0.3ms)[0m  [1mINSERT INTO "scripts" ("average_cps", "created_at", "lesson_id", "sub_difficulty", "text", "updated_at") VALUES ($1, $2, $3, $4, $5, $6) RETURNING "id"[0m  [["average_cps", 0], ["created_at", "2014-06-16 21:56:38.224731"], ["lesson_id", 3], ["sub_difficulty", 1], ["text", "attr_reader :style_name, :inventory, :shoe, :color"], ["updated_at", "2014-06-16 21:56:38.224731"]]
  [1m[35m (0.9ms)[0m  COMMIT
  [1m[36m (0.2ms)[0m  [1mBEGIN[0m
  [1m[35mSQL (0.3ms)[0m  INSERT INTO "scripts" ("average_cps", "created_at", "lesson_id", "sub_difficulty", "text", "updated_at") VALUES ($1, $2, $3, $4, $5, $6) RETURNING "id"  [["average_cps", 0], ["created_at", "2014-06-16 21:56:38.228120"], ["lesson_id", 3], ["sub_difficulty", 2], ["text", "@inventory.each { |key, value| sum += value }"], ["updated_at", "2014-06-16 21:56:38.228120"]]
  [1m[36m (0.9ms)[0m  [1mCOMMIT[0m
  [1m[35m (0.1ms)[0m  BEGIN
  [1m[36mSQL (0.3ms)[0m  [1mINSERT INTO "scripts" ("average_cps", "created_at", "lesson_id", "sub_difficulty", "text", "updated_at") VALUES ($1, $2, $3, $4, $5, $6) RETURNING "id"[0m  [["average_cps", 0], ["created_at", "2014-06-16 21:56:38.231270"], ["lesson_id", 3], ["sub_difficulty", 3], ["text", "shoes[0].inventory['white'] > shoes[0].inventory['black']"], ["updated_at", "2014-06-16 21:56:38.231270"]]
  [1m[35m (0.8ms)[0m  COMMIT
  [1m[36m (0.1ms)[0m  [1mBEGIN[0m
  [1m[35mSQL (0.3ms)[0m  INSERT INTO "scripts" ("average_cps", "created_at", "lesson_id", "sub_difficulty", "text", "updated_at") VALUES ($1, $2, $3, $4, $5, $6) RETURNING "id"  [["average_cps", 0], ["created_at", "2014-06-16 21:56:38.234242"], ["lesson_id", 3], ["sub_difficulty", 4], ["text", "first_column_items(shoes)[1].style_name == 'd'"], ["updated_at", "2014-06-16 21:56:38.234242"]]
  [1m[36m (1.0ms)[0m  [1mCOMMIT[0m
  [1m[35m (0.2ms)[0m  BEGIN
  [1m[36mSQL (0.3ms)[0m  [1mINSERT INTO "scripts" ("average_cps", "created_at", "lesson_id", "sub_difficulty", "text", "updated_at") VALUES ($1, $2, $3, $4, $5, $6) RETURNING "id"[0m  [["average_cps", 0], ["created_at", "2014-06-16 21:56:38.237449"], ["lesson_id", 3], ["sub_difficulty", 5], ["text", "this_recipe = @all_recipes.select { |row| row.id.to_i == recipe_id.to_i }"], ["updated_at", "2014-06-16 21:56:38.237449"]]
  [1m[35m (0.7ms)[0m  COMMIT
  [1m[36m (0.1ms)[0m  [1mBEGIN[0m
  [1m[35mSQL (0.3ms)[0m  INSERT INTO "scripts" ("average_cps", "created_at", "lesson_id", "sub_difficulty", "text", "updated_at") VALUES ($1, $2, $3, $4, $5, $6) RETURNING "id"  [["average_cps", 0], ["created_at", "2014-06-16 21:56:38.240317"], ["lesson_id", 3], ["sub_difficulty", 6], ["text", "array_of_shoes.each_with_index { |style, index| first_column.push(style) if index % 3 == 0 }"], ["updated_at", "2014-06-16 21:56:38.240317"]]
  [1m[36m (0.8ms)[0m  [1mCOMMIT[0m


Started GET "/" for 127.0.0.1 at 2014-06-16 16:56:46 -0500
  [1m[36mActiveRecord::SchemaMigration Load (0.9ms)[0m  [1mSELECT "schema_migrations".* FROM "schema_migrations"[0m
Processing by MainController#index as HTML
  Rendered main/index.html.erb within layouts/application (1.4ms)
Completed 200 OK in 244ms (Views: 235.7ms | ActiveRecord: 0.0ms)


Started GET "/assets/gameplay.css?body=1" for 127.0.0.1 at 2014-06-16 16:56:47 -0500


Started GET "/assets/jquery.js?body=1" for 127.0.0.1 at 2014-06-16 16:56:47 -0500


Started GET "/assets/main.css?body=1" for 127.0.0.1 at 2014-06-16 16:56:47 -0500


Started GET "/assets/application.css?body=1" for 127.0.0.1 at 2014-06-16 16:56:47 -0500


Started GET "/assets/bootstrap-min.js?body=1" for 127.0.0.1 at 2014-06-16 16:56:47 -0500


Started GET "/assets/jquery_ujs.js?body=1" for 127.0.0.1 at 2014-06-16 16:56:47 -0500


Started GET "/assets/underscore.js?body=1" for 127.0.0.1 at 2014-06-16 16:56:47 -0500


Started GET "/assets/angular.js?body=1" for 127.0.0.1 at 2014-06-16 16:56:47 -0500


Started GET "/assets/angular-route.js?body=1" for 127.0.0.1 at 2014-06-16 16:56:47 -0500


Started GET "/assets/devise.js?body=1" for 127.0.0.1 at 2014-06-16 16:56:47 -0500


Started GET "/assets/application.js?body=1" for 127.0.0.1 at 2014-06-16 16:56:47 -0500


Started GET "/assets/main.js?body=1" for 127.0.0.1 at 2014-06-16 16:56:47 -0500


Started GET "/assets/services/global/empty.js?body=1" for 127.0.0.1 at 2014-06-16 16:56:47 -0500


Started GET "/assets/services/main/postData.js?body=1" for 127.0.0.1 at 2014-06-16 16:56:47 -0500


Started GET "/assets/services/main/scriptData.js?body=1" for 127.0.0.1 at 2014-06-16 16:56:47 -0500


Started GET "/assets/filters/global/empty.js?body=1" for 127.0.0.1 at 2014-06-16 16:56:47 -0500


Started GET "/assets/filters/main/empty.js?body=1" for 127.0.0.1 at 2014-06-16 16:56:47 -0500


Started GET "/assets/controllers/global/empty.js?body=1" for 127.0.0.1 at 2014-06-16 16:56:47 -0500


Started GET "/assets/controllers/main/mainCreatePostCtrl.js?body=1" for 127.0.0.1 at 2014-06-16 16:56:47 -0500


Started GET "/assets/controllers/main/mainGamePlayCtrl.js?body=1" for 127.0.0.1 at 2014-06-16 16:56:47 -0500


Started GET "/assets/controllers/main/mainIndexCtrl.js?body=1" for 127.0.0.1 at 2014-06-16 16:56:47 -0500


Started GET "/assets/controllers/main/mainLessonCtrl.js?body=1" for 127.0.0.1 at 2014-06-16 16:56:47 -0500


Started GET "/assets/controllers/main/mainPlayCtrl.js?body=1" for 127.0.0.1 at 2014-06-16 16:56:47 -0500


Started GET "/assets/controllers/main/mainPostCtrl.js?body=1" for 127.0.0.1 at 2014-06-16 16:56:47 -0500


Started GET "/assets/controllers/main/mainTrackCtrl.js?body=1" for 127.0.0.1 at 2014-06-16 16:56:47 -0500


Started GET "/assets/controllers/main/mainScriptCtrl.js?body=1" for 127.0.0.1 at 2014-06-16 16:56:47 -0500


Started GET "/assets/directives/global/nav-bar.js?body=1" for 127.0.0.1 at 2014-06-16 16:56:47 -0500


Started GET "/assets/directives/main/empty.js?body=1" for 127.0.0.1 at 2014-06-16 16:56:47 -0500


Started GET "/assets/directives/main/ng-enter.js?body=1" for 127.0.0.1 at 2014-06-16 16:56:47 -0500


Started GET "/assets/directives/main/trial-game.js?body=1" for 127.0.0.1 at 2014-06-16 16:56:47 -0500


Started GET "/assets/bootstrap.css.map" for 127.0.0.1 at 2014-06-16 16:56:47 -0500


Started GET "/assets/mainGamePlay.html" for 127.0.0.1 at 2014-06-16 16:56:47 -0500


Started GET "/assets/nav-bar.html" for 127.0.0.1 at 2014-06-16 16:56:47 -0500


Started GET "/scripts.json" for 127.0.0.1 at 2014-06-16 16:56:47 -0500
Processing by ScriptsController#index as JSON
  [1m[35mScript Load (0.7ms)[0m  SELECT "scripts".* FROM "scripts"
Completed 200 OK in 23ms (Views: 0.2ms | ActiveRecord: 3.0ms)


Started POST "/performances.json" for 127.0.0.1 at 2014-06-16 16:57:06 -0500
Processing by PerformancesController#create as JSON
  Parameters: {"new_performance"=>{"number_missed"=>11, "total_characters"=>35, "time_elapsed"=>"1970-01-01T00:00:18.590Z", "wpm"=>2.474448628294782, "script_id"=>"1", "missed_characters"=>"$,$,$,$,$,o,u,u,u,u,)"}, "performance"=>{}}
  [1m[36mUser Load (1.5ms)[0m  [1mSELECT  "users".* FROM "users"  WHERE "users"."id" = 1  ORDER BY "users"."id" ASC LIMIT 1[0m
Completed 500 Internal Server Error in 18ms

ActionView::MissingTemplate (Missing template performances/create, application/create with {:locale=>[:en], :formats=>[:json], :variants=>[], :handlers=>[:erb, :builder, :raw, :ruby, :jbuilder, :coffee]}. Searched in:
  * "/home/mohammad/Desktop/CodeTypingTrainer/app/views"
  * "/home/mohammad/.rbenv/versions/2.0.0-p481/lib/ruby/gems/2.0.0/gems/devise-3.2.4/app/views"
):
  actionview (4.1.1) lib/action_view/path_set.rb:46:in `find'
  actionview (4.1.1) lib/action_view/lookup_context.rb:124:in `find'
  actionview (4.1.1) lib/action_view/renderer/abstract_renderer.rb:18:in `find_template'
  actionview (4.1.1) lib/action_view/renderer/template_renderer.rb:41:in `determine_template'
  actionview (4.1.1) lib/action_view/renderer/template_renderer.rb:8:in `render'
  actionview (4.1.1) lib/action_view/renderer/renderer.rb:42:in `render_template'
  actionview (4.1.1) lib/action_view/renderer/renderer.rb:23:in `render'
  actionview (4.1.1) lib/action_view/rendering.rb:99:in `_render_template'
  actionpack (4.1.1) lib/action_controller/metal/streaming.rb:217:in `_render_template'
  actionview (4.1.1) lib/action_view/rendering.rb:82:in `render_to_body'
  actionpack (4.1.1) lib/action_controller/metal/rendering.rb:32:in `render_to_body'
  actionpack (4.1.1) lib/action_controller/metal/renderers.rb:32:in `render_to_body'
  actionpack (4.1.1) lib/abstract_controller/rendering.rb:25:in `render'
  actionpack (4.1.1) lib/action_controller/metal/rendering.rb:16:in `render'
  actionpack (4.1.1) lib/action_controller/metal/instrumentation.rb:41:in `block (2 levels) in render'
  activesupport (4.1.1) lib/active_support/core_ext/benchmark.rb:12:in `block in ms'
  /home/mohammad/.rbenv/versions/2.0.0-p481/lib/ruby/2.0.0/benchmark.rb:296:in `realtime'
  activesupport (4.1.1) lib/active_support/core_ext/benchmark.rb:12:in `ms'
  actionpack (4.1.1) lib/action_controller/metal/instrumentation.rb:41:in `block in render'
  actionpack (4.1.1) lib/action_controller/metal/instrumentation.rb:84:in `cleanup_view_runtime'
  activerecord (4.1.1) lib/active_record/railties/controller_runtime.rb:25:in `cleanup_view_runtime'
  actionpack (4.1.1) lib/action_controller/metal/instrumentation.rb:40:in `render'
  actionpack (4.1.1) lib/action_controller/metal/implicit_render.rb:10:in `default_render'
  actionpack (4.1.1) lib/action_controller/metal/implicit_render.rb:5:in `send_action'
  actionpack (4.1.1) lib/abstract_controller/base.rb:189:in `process_action'
  actionpack (4.1.1) lib/action_controller/metal/rendering.rb:10:in `process_action'
  actionpack (4.1.1) lib/abstract_controller/callbacks.rb:20:in `block in process_action'
  activesupport (4.1.1) lib/active_support/callbacks.rb:113:in `call'
  activesupport (4.1.1) lib/active_support/callbacks.rb:113:in `call'
  activesupport (4.1.1) lib/active_support/callbacks.rb:229:in `block in halting'
  activesupport (4.1.1) lib/active_support/callbacks.rb:229:in `call'
  activesupport (4.1.1) lib/active_support/callbacks.rb:229:in `block in halting'
  activesupport (4.1.1) lib/active_support/callbacks.rb:166:in `call'
  activesupport (4.1.1) lib/active_support/callbacks.rb:166:in `block in halting'
  activesupport (4.1.1) lib/active_support/callbacks.rb:166:in `call'
  activesupport (4.1.1) lib/active_support/callbacks.rb:166:in `block in halting'
  activesupport (4.1.1) lib/active_support/callbacks.rb:166:in `call'
  activesupport (4.1.1) lib/active_support/callbacks.rb:166:in `block in halting'
  activesupport (4.1.1) lib/active_support/callbacks.rb:86:in `call'
  activesupport (4.1.1) lib/active_support/callbacks.rb:86:in `run_callbacks'
  actionpack (4.1.1) lib/abstract_controller/callbacks.rb:19:in `process_action'
  actionpack (4.1.1) lib/action_controller/metal/rescue.rb:29:in `process_action'
  actionpack (4.1.1) lib/action_controller/metal/instrumentation.rb:31:in `block in process_action'
  activesupport (4.1.1) lib/active_support/notifications.rb:159:in `block in instrument'
  activesupport (4.1.1) lib/active_support/notifications/instrumenter.rb:20:in `instrument'
  activesupport (4.1.1) lib/active_support/notifications.rb:159:in `instrument'
  actionpack (4.1.1) lib/action_controller/metal/instrumentation.rb:30:in `process_action'
  actionpack (4.1.1) lib/action_controller/metal/params_wrapper.rb:250:in `process_action'
  activerecord (4.1.1) lib/active_record/railties/controller_runtime.rb:18:in `process_action'
  actionpack (4.1.1) lib/abstract_controller/base.rb:136:in `process'
  actionview (4.1.1) lib/action_view/rendering.rb:30:in `process'
  actionpack (4.1.1) lib/action_controller/metal.rb:195:in `dispatch'
  actionpack (4.1.1) lib/action_controller/metal/rack_delegation.rb:13:in `dispatch'
  actionpack (4.1.1) lib/action_controller/metal.rb:231:in `block in action'
  actionpack (4.1.1) lib/action_dispatch/routing/route_set.rb:80:in `call'
  actionpack (4.1.1) lib/action_dispatch/routing/route_set.rb:80:in `dispatch'
  actionpack (4.1.1) lib/action_dispatch/routing/route_set.rb:48:in `call'
  actionpack (4.1.1) lib/action_dispatch/journey/router.rb:71:in `block in call'
  actionpack (4.1.1) lib/action_dispatch/journey/router.rb:59:in `each'
  actionpack (4.1.1) lib/action_dispatch/journey/router.rb:59:in `call'
  actionpack (4.1.1) lib/action_dispatch/routing/route_set.rb:676:in `call'
  warden (1.2.3) lib/warden/manager.rb:35:in `block in call'
  warden (1.2.3) lib/warden/manager.rb:34:in `catch'
  warden (1.2.3) lib/warden/manager.rb:34:in `call'
  rack (1.5.2) lib/rack/etag.rb:23:in `call'
  rack (1.5.2) lib/rack/conditionalget.rb:35:in `call'
  rack (1.5.2) lib/rack/head.rb:11:in `call'
  actionpack (4.1.1) lib/action_dispatch/middleware/params_parser.rb:27:in `call'
  actionpack (4.1.1) lib/action_dispatch/middleware/flash.rb:254:in `call'
  rack (1.5.2) lib/rack/session/abstract/id.rb:225:in `context'
  rack (1.5.2) lib/rack/session/abstract/id.rb:220:in `call'
  actionpack (4.1.1) lib/action_dispatch/middleware/cookies.rb:560:in `call'
  activerecord (4.1.1) lib/active_record/query_cache.rb:36:in `call'
  activerecord (4.1.1) lib/active_record/connection_adapters/abstract/connection_pool.rb:621:in `call'
  activerecord (4.1.1) lib/active_record/migration.rb:380:in `call'
  actionpack (4.1.1) lib/action_dispatch/middleware/callbacks.rb:29:in `block in call'
  activesupport (4.1.1) lib/active_support/callbacks.rb:82:in `run_callbacks'
  actionpack (4.1.1) lib/action_dispatch/middleware/callbacks.rb:27:in `call'
  actionpack (4.1.1) lib/action_dispatch/middleware/reloader.rb:73:in `call'
  actionpack (4.1.1) lib/action_dispatch/middleware/remote_ip.rb:76:in `call'
  actionpack (4.1.1) lib/action_dispatch/middleware/debug_exceptions.rb:17:in `call'
  actionpack (4.1.1) lib/action_dispatch/middleware/show_exceptions.rb:30:in `call'
  railties (4.1.1) lib/rails/rack/logger.rb:38:in `call_app'
  railties (4.1.1) lib/rails/rack/logger.rb:20:in `block in call'
  activesupport (4.1.1) lib/active_support/tagged_logging.rb:68:in `block in tagged'
  activesupport (4.1.1) lib/active_support/tagged_logging.rb:26:in `tagged'
  activesupport (4.1.1) lib/active_support/tagged_logging.rb:68:in `tagged'
  railties (4.1.1) lib/rails/rack/logger.rb:20:in `call'
  actionpack (4.1.1) lib/action_dispatch/middleware/request_id.rb:21:in `call'
  rack (1.5.2) lib/rack/methodoverride.rb:21:in `call'
  rack (1.5.2) lib/rack/runtime.rb:17:in `call'
  activesupport (4.1.1) lib/active_support/cache/strategy/local_cache_middleware.rb:26:in `call'
  rack (1.5.2) lib/rack/lock.rb:17:in `call'
  actionpack (4.1.1) lib/action_dispatch/middleware/static.rb:64:in `call'
  rack (1.5.2) lib/rack/sendfile.rb:112:in `call'
  railties (4.1.1) lib/rails/engine.rb:514:in `call'
  railties (4.1.1) lib/rails/application.rb:144:in `call'
  rack (1.5.2) lib/rack/lock.rb:17:in `call'
  rack (1.5.2) lib/rack/content_length.rb:14:in `call'
  rack (1.5.2) lib/rack/handler/webrick.rb:60:in `service'
  /home/mohammad/.rbenv/versions/2.0.0-p481/lib/ruby/2.0.0/webrick/httpserver.rb:138:in `service'
  /home/mohammad/.rbenv/versions/2.0.0-p481/lib/ruby/2.0.0/webrick/httpserver.rb:94:in `run'
  /home/mohammad/.rbenv/versions/2.0.0-p481/lib/ruby/2.0.0/webrick/server.rb:295:in `block in start_thread'


  Rendered /home/mohammad/.rbenv/versions/2.0.0-p481/lib/ruby/gems/2.0.0/gems/actionpack-4.1.1/lib/action_dispatch/middleware/templates/rescues/missing_template.html.erb within rescues/layout (0.7ms)


Started GET "/" for 127.0.0.1 at 2014-06-16 17:00:14 -0500
  [1m[36mActiveRecord::SchemaMigration Load (1.2ms)[0m  [1mSELECT "schema_migrations".* FROM "schema_migrations"[0m
Processing by MainController#index as HTML
  Rendered main/index.html.erb within layouts/application (1.2ms)
Completed 200 OK in 231ms (Views: 222.7ms | ActiveRecord: 0.0ms)


Started GET "/assets/gameplay.css?body=1" for 127.0.0.1 at 2014-06-16 17:00:15 -0500


Started GET "/assets/main.css?body=1" for 127.0.0.1 at 2014-06-16 17:00:15 -0500


Started GET "/assets/jquery.js?body=1" for 127.0.0.1 at 2014-06-16 17:00:15 -0500


Started GET "/assets/application.css?body=1" for 127.0.0.1 at 2014-06-16 17:00:15 -0500


Started GET "/assets/jquery_ujs.js?body=1" for 127.0.0.1 at 2014-06-16 17:00:15 -0500


Started GET "/assets/underscore.js?body=1" for 127.0.0.1 at 2014-06-16 17:00:15 -0500


Started GET "/assets/bootstrap-min.js?body=1" for 127.0.0.1 at 2014-06-16 17:00:15 -0500


Started GET "/assets/angular.js?body=1" for 127.0.0.1 at 2014-06-16 17:00:15 -0500


Started GET "/assets/angular-route.js?body=1" for 127.0.0.1 at 2014-06-16 17:00:15 -0500


Started GET "/assets/devise.js?body=1" for 127.0.0.1 at 2014-06-16 17:00:15 -0500


Started GET "/assets/application.js?body=1" for 127.0.0.1 at 2014-06-16 17:00:15 -0500


Started GET "/assets/main.js?body=1" for 127.0.0.1 at 2014-06-16 17:00:15 -0500


Started GET "/assets/services/global/empty.js?body=1" for 127.0.0.1 at 2014-06-16 17:00:15 -0500


Started GET "/assets/services/main/postData.js?body=1" for 127.0.0.1 at 2014-06-16 17:00:15 -0500


Started GET "/assets/services/main/scriptData.js?body=1" for 127.0.0.1 at 2014-06-16 17:00:15 -0500


Started GET "/assets/filters/global/empty.js?body=1" for 127.0.0.1 at 2014-06-16 17:00:15 -0500


Started GET "/assets/filters/main/empty.js?body=1" for 127.0.0.1 at 2014-06-16 17:00:15 -0500


Started GET "/assets/controllers/global/empty.js?body=1" for 127.0.0.1 at 2014-06-16 17:00:15 -0500


Started GET "/assets/controllers/main/mainGamePlayCtrl.js?body=1" for 127.0.0.1 at 2014-06-16 17:00:15 -0500


Started GET "/assets/controllers/main/mainCreatePostCtrl.js?body=1" for 127.0.0.1 at 2014-06-16 17:00:15 -0500


Started GET "/assets/controllers/main/mainIndexCtrl.js?body=1" for 127.0.0.1 at 2014-06-16 17:00:15 -0500


Started GET "/assets/controllers/main/mainLessonCtrl.js?body=1" for 127.0.0.1 at 2014-06-16 17:00:15 -0500


Started GET "/assets/controllers/main/mainPlayCtrl.js?body=1" for 127.0.0.1 at 2014-06-16 17:00:15 -0500


Started GET "/assets/controllers/main/mainPostCtrl.js?body=1" for 127.0.0.1 at 2014-06-16 17:00:15 -0500


Started GET "/assets/controllers/main/mainScriptCtrl.js?body=1" for 127.0.0.1 at 2014-06-16 17:00:15 -0500


Started GET "/assets/controllers/main/mainTrackCtrl.js?body=1" for 127.0.0.1 at 2014-06-16 17:00:15 -0500


Started GET "/assets/directives/global/nav-bar.js?body=1" for 127.0.0.1 at 2014-06-16 17:00:15 -0500


Started GET "/assets/directives/main/ng-enter.js?body=1" for 127.0.0.1 at 2014-06-16 17:00:15 -0500


Started GET "/assets/directives/main/empty.js?body=1" for 127.0.0.1 at 2014-06-16 17:00:15 -0500


Started GET "/assets/directives/main/trial-game.js?body=1" for 127.0.0.1 at 2014-06-16 17:00:15 -0500


Started GET "/assets/bootstrap.css.map" for 127.0.0.1 at 2014-06-16 17:00:15 -0500


Started GET "/assets/mainGamePlay.html" for 127.0.0.1 at 2014-06-16 17:00:15 -0500


Started GET "/assets/nav-bar.html" for 127.0.0.1 at 2014-06-16 17:00:15 -0500


Started GET "/scripts.json" for 127.0.0.1 at 2014-06-16 17:00:15 -0500
Processing by ScriptsController#index as JSON
  [1m[35mScript Load (0.6ms)[0m  SELECT "scripts".* FROM "scripts"
Completed 200 OK in 22ms (Views: 0.5ms | ActiveRecord: 2.1ms)


Started POST "/performances.json" for 127.0.0.1 at 2014-06-16 17:00:32 -0500
Processing by PerformancesController#create as JSON
  Parameters: {"new_performance"=>{"number_missed"=>8, "total_characters"=>35, "time_elapsed"=>"1970-01-01T00:00:16.675Z", "wpm"=>2.578710644677661, "script_id"=>"1", "missed_characters"=>"(,(,(,(,(,(,(,("}, "performance"=>{}}
  [1m[36mUser Load (2.4ms)[0m  [1mSELECT  "users".* FROM "users"  WHERE "users"."id" = 1  ORDER BY "users"."id" ASC LIMIT 1[0m
  [1m[35m (0.4ms)[0m  BEGIN
  [1m[36mSQL (1.3ms)[0m  [1mINSERT INTO "performances" ("created_at", "missed_characters", "number_missed", "script_id", "time_elapsed", "total_characters", "updated_at", "wpm") VALUES ($1, $2, $3, $4, $5, $6, $7, $8) RETURNING "id"[0m  [["created_at", "2014-06-16 22:00:32.525887"], ["missed_characters", "(,(,(,(,(,(,(,("], ["number_missed", 8], ["script_id", 1], ["time_elapsed", "2000-01-01 00:00:16.000000"], ["total_characters", 35], ["updated_at", "2014-06-16 22:00:32.525887"], ["wpm", 2.578710644677661]]
  [1m[35m (5.0ms)[0m  COMMIT
Completed 200 OK in 46ms (Views: 0.2ms | ActiveRecord: 14.9ms)


Started GET "/" for 127.0.0.1 at 2014-06-16 17:01:22 -0500
Processing by MainController#index as HTML
  Rendered main/index.html.erb within layouts/application (0.1ms)
Completed 200 OK in 61ms (Views: 60.6ms | ActiveRecord: 0.0ms)


Started GET "/assets/gameplay.css?body=1" for 127.0.0.1 at 2014-06-16 17:01:22 -0500


Started GET "/assets/application.css?body=1" for 127.0.0.1 at 2014-06-16 17:01:22 -0500


Started GET "/assets/jquery.js?body=1" for 127.0.0.1 at 2014-06-16 17:01:22 -0500


Started GET "/assets/jquery_ujs.js?body=1" for 127.0.0.1 at 2014-06-16 17:01:22 -0500


Started GET "/assets/main.css?body=1" for 127.0.0.1 at 2014-06-16 17:01:22 -0500


Started GET "/assets/underscore.js?body=1" for 127.0.0.1 at 2014-06-16 17:01:22 -0500


Started GET "/assets/bootstrap-min.js?body=1" for 127.0.0.1 at 2014-06-16 17:01:22 -0500


Started GET "/assets/angular-route.js?body=1" for 127.0.0.1 at 2014-06-16 17:01:22 -0500


Started GET "/assets/angular.js?body=1" for 127.0.0.1 at 2014-06-16 17:01:22 -0500


Started GET "/assets/devise.js?body=1" for 127.0.0.1 at 2014-06-16 17:01:22 -0500


Started GET "/assets/application.js?body=1" for 127.0.0.1 at 2014-06-16 17:01:22 -0500


Started GET "/assets/services/global/empty.js?body=1" for 127.0.0.1 at 2014-06-16 17:01:22 -0500


Started GET "/assets/main.js?body=1" for 127.0.0.1 at 2014-06-16 17:01:22 -0500


Started GET "/assets/services/main/postData.js?body=1" for 127.0.0.1 at 2014-06-16 17:01:22 -0500


Started GET "/assets/services/main/scriptData.js?body=1" for 127.0.0.1 at 2014-06-16 17:01:22 -0500


Started GET "/assets/filters/global/empty.js?body=1" for 127.0.0.1 at 2014-06-16 17:01:22 -0500


Started GET "/assets/filters/main/empty.js?body=1" for 127.0.0.1 at 2014-06-16 17:01:22 -0500


Started GET "/assets/controllers/global/empty.js?body=1" for 127.0.0.1 at 2014-06-16 17:01:22 -0500


Started GET "/assets/controllers/main/mainCreatePostCtrl.js?body=1" for 127.0.0.1 at 2014-06-16 17:01:22 -0500


Started GET "/assets/controllers/main/mainGamePlayCtrl.js?body=1" for 127.0.0.1 at 2014-06-16 17:01:22 -0500


Started GET "/assets/controllers/main/mainIndexCtrl.js?body=1" for 127.0.0.1 at 2014-06-16 17:01:22 -0500


Started GET "/assets/controllers/main/mainPlayCtrl.js?body=1" for 127.0.0.1 at 2014-06-16 17:01:22 -0500


Started GET "/assets/controllers/main/mainLessonCtrl.js?body=1" for 127.0.0.1 at 2014-06-16 17:01:22 -0500


Started GET "/assets/controllers/main/mainPostCtrl.js?body=1" for 127.0.0.1 at 2014-06-16 17:01:22 -0500


Started GET "/assets/controllers/main/mainScriptCtrl.js?body=1" for 127.0.0.1 at 2014-06-16 17:01:22 -0500


Started GET "/assets/controllers/main/mainTrackCtrl.js?body=1" for 127.0.0.1 at 2014-06-16 17:01:22 -0500


Started GET "/assets/directives/global/nav-bar.js?body=1" for 127.0.0.1 at 2014-06-16 17:01:22 -0500


Started GET "/assets/directives/main/empty.js?body=1" for 127.0.0.1 at 2014-06-16 17:01:22 -0500


Started GET "/assets/directives/main/ng-enter.js?body=1" for 127.0.0.1 at 2014-06-16 17:01:22 -0500


Started GET "/assets/directives/main/trial-game.js?body=1" for 127.0.0.1 at 2014-06-16 17:01:22 -0500


Started GET "/assets/bootstrap.css.map" for 127.0.0.1 at 2014-06-16 17:01:22 -0500


Started GET "/assets/mainGamePlay.html" for 127.0.0.1 at 2014-06-16 17:01:22 -0500


Started GET "/scripts.json" for 127.0.0.1 at 2014-06-16 17:01:22 -0500
Processing by ScriptsController#index as JSON
  [1m[36mScript Load (0.4ms)[0m  [1mSELECT "scripts".* FROM "scripts"[0m
Completed 200 OK in 6ms (Views: 0.2ms | ActiveRecord: 0.4ms)


Started GET "/assets/nav-bar.html" for 127.0.0.1 at 2014-06-16 17:01:22 -0500


Started POST "/performances.json" for 127.0.0.1 at 2014-06-16 17:01:37 -0500
Processing by PerformancesController#create as JSON
  Parameters: {"new_performance"=>{"number_missed"=>1, "total_characters"=>35, "time_elapsed"=>"1970-01-01T00:00:14.690Z", "wpm"=>2.450646698434309, "script_id"=>"1", "missed_characters"=>"("}, "performance"=>{}}
  [1m[35m (0.2ms)[0m  BEGIN
  [1m[36mSQL (0.6ms)[0m  [1mINSERT INTO "performances" ("created_at", "missed_characters", "number_missed", "script_id", "time_elapsed", "total_characters", "updated_at", "wpm") VALUES ($1, $2, $3, $4, $5, $6, $7, $8) RETURNING "id"[0m  [["created_at", "2014-06-16 22:01:37.486275"], ["missed_characters", "("], ["number_missed", 1], ["script_id", 1], ["time_elapsed", "2000-01-01 00:00:14.000000"], ["total_characters", 35], ["updated_at", "2014-06-16 22:01:37.486275"], ["wpm", 2.450646698434309]]
  [1m[35m (5.2ms)[0m  COMMIT
Completed 200 OK in 15ms (Views: 0.2ms | ActiveRecord: 6.1ms)


Started GET "/" for 127.0.0.1 at 2014-06-16 17:01:59 -0500
Processing by MainController#index as HTML
  Rendered main/index.html.erb within layouts/application (0.1ms)
Completed 200 OK in 62ms (Views: 60.9ms | ActiveRecord: 0.0ms)


Started GET "/assets/gameplay.css?body=1" for 127.0.0.1 at 2014-06-16 17:01:59 -0500


Started GET "/assets/jquery_ujs.js?body=1" for 127.0.0.1 at 2014-06-16 17:01:59 -0500


Started GET "/assets/main.css?body=1" for 127.0.0.1 at 2014-06-16 17:01:59 -0500


Started GET "/assets/application.css?body=1" for 127.0.0.1 at 2014-06-16 17:01:59 -0500


Started GET "/assets/bootstrap-min.js?body=1" for 127.0.0.1 at 2014-06-16 17:01:59 -0500


Started GET "/assets/jquery.js?body=1" for 127.0.0.1 at 2014-06-16 17:01:59 -0500


Started GET "/assets/underscore.js?body=1" for 127.0.0.1 at 2014-06-16 17:01:59 -0500


Started GET "/assets/angular.js?body=1" for 127.0.0.1 at 2014-06-16 17:01:59 -0500


Started GET "/assets/angular-route.js?body=1" for 127.0.0.1 at 2014-06-16 17:01:59 -0500


Started GET "/assets/devise.js?body=1" for 127.0.0.1 at 2014-06-16 17:01:59 -0500


Started GET "/assets/application.js?body=1" for 127.0.0.1 at 2014-06-16 17:01:59 -0500


Started GET "/assets/services/global/empty.js?body=1" for 127.0.0.1 at 2014-06-16 17:01:59 -0500


Started GET "/assets/main.js?body=1" for 127.0.0.1 at 2014-06-16 17:01:59 -0500


Started GET "/assets/services/main/postData.js?body=1" for 127.0.0.1 at 2014-06-16 17:01:59 -0500


Started GET "/assets/services/main/scriptData.js?body=1" for 127.0.0.1 at 2014-06-16 17:01:59 -0500


Started GET "/assets/filters/global/empty.js?body=1" for 127.0.0.1 at 2014-06-16 17:01:59 -0500


Started GET "/assets/filters/main/empty.js?body=1" for 127.0.0.1 at 2014-06-16 17:01:59 -0500


Started GET "/assets/controllers/global/empty.js?body=1" for 127.0.0.1 at 2014-06-16 17:01:59 -0500


Started GET "/assets/controllers/main/mainCreatePostCtrl.js?body=1" for 127.0.0.1 at 2014-06-16 17:01:59 -0500


Started GET "/assets/controllers/main/mainGamePlayCtrl.js?body=1" for 127.0.0.1 at 2014-06-16 17:01:59 -0500


Started GET "/assets/controllers/main/mainLessonCtrl.js?body=1" for 127.0.0.1 at 2014-06-16 17:01:59 -0500


Started GET "/assets/controllers/main/mainIndexCtrl.js?body=1" for 127.0.0.1 at 2014-06-16 17:01:59 -0500


Started GET "/assets/controllers/main/mainPlayCtrl.js?body=1" for 127.0.0.1 at 2014-06-16 17:01:59 -0500


Started GET "/assets/controllers/main/mainPostCtrl.js?body=1" for 127.0.0.1 at 2014-06-16 17:01:59 -0500


Started GET "/assets/controllers/main/mainScriptCtrl.js?body=1" for 127.0.0.1 at 2014-06-16 17:01:59 -0500


Started GET "/assets/controllers/main/mainTrackCtrl.js?body=1" for 127.0.0.1 at 2014-06-16 17:01:59 -0500


Started GET "/assets/directives/global/nav-bar.js?body=1" for 127.0.0.1 at 2014-06-16 17:01:59 -0500


Started GET "/assets/directives/main/empty.js?body=1" for 127.0.0.1 at 2014-06-16 17:01:59 -0500


Started GET "/assets/directives/main/ng-enter.js?body=1" for 127.0.0.1 at 2014-06-16 17:01:59 -0500


Started GET "/assets/directives/main/trial-game.js?body=1" for 127.0.0.1 at 2014-06-16 17:01:59 -0500


Started GET "/assets/bootstrap.css.map" for 127.0.0.1 at 2014-06-16 17:01:59 -0500


Started GET "/assets/mainGamePlay.html" for 127.0.0.1 at 2014-06-16 17:01:59 -0500


Started GET "/assets/nav-bar.html" for 127.0.0.1 at 2014-06-16 17:02:00 -0500


Started GET "/scripts.json" for 127.0.0.1 at 2014-06-16 17:02:00 -0500
Processing by ScriptsController#index as JSON
  [1m[36mScript Load (0.4ms)[0m  [1mSELECT "scripts".* FROM "scripts"[0m
Completed 200 OK in 8ms (Views: 0.1ms | ActiveRecord: 0.4ms)


Started GET "/" for 127.0.0.1 at 2014-06-16 22:01:54 -0500

PG::ConnectionBad (could not connect to server: No such file or directory
	Is the server running locally and accepting
	connections on Unix domain socket "/tmp/.s.PGSQL.5432"?
):
  activerecord (4.1.1) lib/active_record/connection_adapters/postgresql_adapter.rb:881:in `initialize'
  activerecord (4.1.1) lib/active_record/connection_adapters/postgresql_adapter.rb:881:in `new'
  activerecord (4.1.1) lib/active_record/connection_adapters/postgresql_adapter.rb:881:in `connect'
  activerecord (4.1.1) lib/active_record/connection_adapters/postgresql_adapter.rb:568:in `initialize'
  activerecord (4.1.1) lib/active_record/connection_adapters/postgresql_adapter.rb:41:in `new'
  activerecord (4.1.1) lib/active_record/connection_adapters/postgresql_adapter.rb:41:in `postgresql_connection'
  activerecord (4.1.1) lib/active_record/connection_adapters/abstract/connection_pool.rb:435:in `new_connection'
  activerecord (4.1.1) lib/active_record/connection_adapters/abstract/connection_pool.rb:445:in `checkout_new_connection'
  activerecord (4.1.1) lib/active_record/connection_adapters/abstract/connection_pool.rb:416:in `acquire_connection'
  activerecord (4.1.1) lib/active_record/connection_adapters/abstract/connection_pool.rb:351:in `block in checkout'
  /Users/casey/.rvm/rubies/ruby-2.0.0-p451/lib/ruby/2.0.0/monitor.rb:211:in `mon_synchronize'
  activerecord (4.1.1) lib/active_record/connection_adapters/abstract/connection_pool.rb:350:in `checkout'
  activerecord (4.1.1) lib/active_record/connection_adapters/abstract/connection_pool.rb:265:in `block in connection'
  /Users/casey/.rvm/rubies/ruby-2.0.0-p451/lib/ruby/2.0.0/monitor.rb:211:in `mon_synchronize'
  activerecord (4.1.1) lib/active_record/connection_adapters/abstract/connection_pool.rb:264:in `connection'
  activerecord (4.1.1) lib/active_record/connection_adapters/abstract/connection_pool.rb:541:in `retrieve_connection'
  activerecord (4.1.1) lib/active_record/connection_handling.rb:113:in `retrieve_connection'
  activerecord (4.1.1) lib/active_record/connection_handling.rb:87:in `connection'
  activerecord (4.1.1) lib/active_record/migration.rb:388:in `check_pending!'
  activerecord (4.1.1) lib/active_record/migration.rb:377:in `call'
  actionpack (4.1.1) lib/action_dispatch/middleware/callbacks.rb:29:in `block in call'
  activesupport (4.1.1) lib/active_support/callbacks.rb:82:in `run_callbacks'
  actionpack (4.1.1) lib/action_dispatch/middleware/callbacks.rb:27:in `call'
  actionpack (4.1.1) lib/action_dispatch/middleware/reloader.rb:73:in `call'
  actionpack (4.1.1) lib/action_dispatch/middleware/remote_ip.rb:76:in `call'
  actionpack (4.1.1) lib/action_dispatch/middleware/debug_exceptions.rb:17:in `call'
  actionpack (4.1.1) lib/action_dispatch/middleware/show_exceptions.rb:30:in `call'
  railties (4.1.1) lib/rails/rack/logger.rb:38:in `call_app'
  railties (4.1.1) lib/rails/rack/logger.rb:20:in `block in call'
  activesupport (4.1.1) lib/active_support/tagged_logging.rb:68:in `block in tagged'
  activesupport (4.1.1) lib/active_support/tagged_logging.rb:26:in `tagged'
  activesupport (4.1.1) lib/active_support/tagged_logging.rb:68:in `tagged'
  railties (4.1.1) lib/rails/rack/logger.rb:20:in `call'
  actionpack (4.1.1) lib/action_dispatch/middleware/request_id.rb:21:in `call'
  rack (1.5.2) lib/rack/methodoverride.rb:21:in `call'
  rack (1.5.2) lib/rack/runtime.rb:17:in `call'
  activesupport (4.1.1) lib/active_support/cache/strategy/local_cache_middleware.rb:26:in `call'
  rack (1.5.2) lib/rack/lock.rb:17:in `call'
  actionpack (4.1.1) lib/action_dispatch/middleware/static.rb:64:in `call'
  rack (1.5.2) lib/rack/sendfile.rb:112:in `call'
  railties (4.1.1) lib/rails/engine.rb:514:in `call'
  railties (4.1.1) lib/rails/application.rb:144:in `call'
  rack (1.5.2) lib/rack/lock.rb:17:in `call'
  rack (1.5.2) lib/rack/content_length.rb:14:in `call'
  rack (1.5.2) lib/rack/handler/webrick.rb:60:in `service'
  /Users/casey/.rvm/rubies/ruby-2.0.0-p451/lib/ruby/2.0.0/webrick/httpserver.rb:138:in `service'
  /Users/casey/.rvm/rubies/ruby-2.0.0-p451/lib/ruby/2.0.0/webrick/httpserver.rb:94:in `run'
  /Users/casey/.rvm/rubies/ruby-2.0.0-p451/lib/ruby/2.0.0/webrick/server.rb:295:in `block in start_thread'


  Rendered /Users/casey/.rvm/gems/ruby-2.0.0-p451/gems/actionpack-4.1.1/lib/action_dispatch/middleware/templates/rescues/_source.erb (1.0ms)
  Rendered /Users/casey/.rvm/gems/ruby-2.0.0-p451/gems/actionpack-4.1.1/lib/action_dispatch/middleware/templates/rescues/_trace.html.erb (52.5ms)
  Rendered /Users/casey/.rvm/gems/ruby-2.0.0-p451/gems/actionpack-4.1.1/lib/action_dispatch/middleware/templates/rescues/_request_and_response.html.erb (1.5ms)
  Rendered /Users/casey/.rvm/gems/ruby-2.0.0-p451/gems/actionpack-4.1.1/lib/action_dispatch/middleware/templates/rescues/diagnostics.erb within rescues/layout (102.5ms)


Started GET "/" for 127.0.0.1 at 2014-06-16 22:02:19 -0500
  [1m[36mActiveRecord::SchemaMigration Load (45.0ms)[0m  [1mSELECT "schema_migrations".* FROM "schema_migrations"[0m
Processing by MainController#index as HTML
  Rendered main/index.html.erb within layouts/application (2.2ms)
Completed 200 OK in 1927ms (Views: 1895.7ms | ActiveRecord: 0.0ms)


Started GET "/assets/main.css?body=1" for 127.0.0.1 at 2014-06-16 22:02:22 -0500


Started GET "/assets/application.css?body=1" for 127.0.0.1 at 2014-06-16 22:02:22 -0500


Started GET "/assets/jquery.js?body=1" for 127.0.0.1 at 2014-06-16 22:02:22 -0500


Started GET "/assets/gameplay.css?body=1" for 127.0.0.1 at 2014-06-16 22:02:22 -0500


Started GET "/assets/devise.js?body=1" for 127.0.0.1 at 2014-06-16 22:02:22 -0500


Started GET "/assets/underscore.js?body=1" for 127.0.0.1 at 2014-06-16 22:02:22 -0500


Started GET "/assets/angular.js?body=1" for 127.0.0.1 at 2014-06-16 22:02:22 -0500


Started GET "/assets/angular-route.js?body=1" for 127.0.0.1 at 2014-06-16 22:02:22 -0500


Started GET "/assets/jquery_ujs.js?body=1" for 127.0.0.1 at 2014-06-16 22:02:22 -0500


Started GET "/assets/services/main/postData.js?body=1" for 127.0.0.1 at 2014-06-16 22:02:22 -0500


Started GET "/assets/main.js?body=1" for 127.0.0.1 at 2014-06-16 22:02:22 -0500


Started GET "/assets/application.js?body=1" for 127.0.0.1 at 2014-06-16 22:02:22 -0500


Started GET "/assets/services/main/scriptData.js?body=1" for 127.0.0.1 at 2014-06-16 22:02:22 -0500


Started GET "/assets/services/global/empty.js?body=1" for 127.0.0.1 at 2014-06-16 22:02:22 -0500


Started GET "/assets/bootstrap-min.js?body=1" for 127.0.0.1 at 2014-06-16 22:02:22 -0500


Started GET "/assets/filters/global/empty.js?body=1" for 127.0.0.1 at 2014-06-16 22:02:22 -0500


Started GET "/assets/filters/main/empty.js?body=1" for 127.0.0.1 at 2014-06-16 22:02:22 -0500


Started GET "/assets/controllers/main/mainCreatePostCtrl.js?body=1" for 127.0.0.1 at 2014-06-16 22:02:22 -0500


Started GET "/assets/controllers/main/mainGamePlayCtrl.js?body=1" for 127.0.0.1 at 2014-06-16 22:02:22 -0500


Started GET "/assets/controllers/main/mainScriptCtrl.js?body=1" for 127.0.0.1 at 2014-06-16 22:02:22 -0500


Started GET "/assets/controllers/main/mainTrackCtrl.js?body=1" for 127.0.0.1 at 2014-06-16 22:02:22 -0500


Started GET "/assets/controllers/main/mainIndexCtrl.js?body=1" for 127.0.0.1 at 2014-06-16 22:02:22 -0500


Started GET "/assets/controllers/main/mainPostCtrl.js?body=1" for 127.0.0.1 at 2014-06-16 22:02:22 -0500


Started GET "/assets/controllers/main/mainPlayCtrl.js?body=1" for 127.0.0.1 at 2014-06-16 22:02:22 -0500


Started GET "/assets/controllers/main/mainLessonCtrl.js?body=1" for 127.0.0.1 at 2014-06-16 22:02:22 -0500


Started GET "/assets/controllers/global/empty.js?body=1" for 127.0.0.1 at 2014-06-16 22:02:22 -0500


Started GET "/assets/directives/main/trial-game.js?body=1" for 127.0.0.1 at 2014-06-16 22:02:22 -0500


Started GET "/assets/directives/main/empty.js?body=1" for 127.0.0.1 at 2014-06-16 22:02:22 -0500


Started GET "/assets/directives/global/nav-bar.js?body=1" for 127.0.0.1 at 2014-06-16 22:02:22 -0500


Started GET "/assets/directives/main/ng-enter.js?body=1" for 127.0.0.1 at 2014-06-16 22:02:22 -0500


Started GET "/assets/mainIndex.html" for 127.0.0.1 at 2014-06-16 22:02:22 -0500


Started GET "/assets/nav-bar.html" for 127.0.0.1 at 2014-06-16 22:02:22 -0500


Started GET "/assets/mainTracks.html" for 127.0.0.1 at 2014-06-16 22:02:25 -0500


Started GET "/languages.json" for 127.0.0.1 at 2014-06-16 22:02:25 -0500
Processing by LanguagesController#index as JSON
  [1m[35mLanguage Load (38.0ms)[0m  SELECT "languages".* FROM "languages"
Completed 200 OK in 54ms (Views: 0.3ms | ActiveRecord: 40.0ms)


Started GET "/" for 127.0.0.1 at 2014-06-16 22:02:27 -0500
Processing by MainController#index as HTML
  Rendered main/index.html.erb within layouts/application (0.1ms)
Completed 200 OK in 93ms (Views: 91.4ms | ActiveRecord: 0.0ms)


Started GET "/assets/gameplay.css?body=1" for 127.0.0.1 at 2014-06-16 22:02:27 -0500


Started GET "/assets/main.css?body=1" for 127.0.0.1 at 2014-06-16 22:02:27 -0500


Started GET "/assets/jquery.js?body=1" for 127.0.0.1 at 2014-06-16 22:02:27 -0500


Started GET "/assets/jquery_ujs.js?body=1" for 127.0.0.1 at 2014-06-16 22:02:27 -0500


Started GET "/assets/application.css?body=1" for 127.0.0.1 at 2014-06-16 22:02:27 -0500


Started GET "/assets/underscore.js?body=1" for 127.0.0.1 at 2014-06-16 22:02:27 -0500


Started GET "/assets/bootstrap-min.js?body=1" for 127.0.0.1 at 2014-06-16 22:02:27 -0500


Started GET "/assets/services/global/empty.js?body=1" for 127.0.0.1 at 2014-06-16 22:02:27 -0500


Started GET "/assets/angular-route.js?body=1" for 127.0.0.1 at 2014-06-16 22:02:27 -0500


Started GET "/assets/devise.js?body=1" for 127.0.0.1 at 2014-06-16 22:02:27 -0500


Started GET "/assets/application.js?body=1" for 127.0.0.1 at 2014-06-16 22:02:27 -0500


Started GET "/assets/main.js?body=1" for 127.0.0.1 at 2014-06-16 22:02:27 -0500


Started GET "/assets/angular.js?body=1" for 127.0.0.1 at 2014-06-16 22:02:27 -0500


Started GET "/assets/services/main/postData.js?body=1" for 127.0.0.1 at 2014-06-16 22:02:27 -0500


Started GET "/assets/services/main/scriptData.js?body=1" for 127.0.0.1 at 2014-06-16 22:02:27 -0500


Started GET "/assets/filters/global/empty.js?body=1" for 127.0.0.1 at 2014-06-16 22:02:27 -0500


Started GET "/assets/filters/main/empty.js?body=1" for 127.0.0.1 at 2014-06-16 22:02:27 -0500


Started GET "/assets/controllers/global/empty.js?body=1" for 127.0.0.1 at 2014-06-16 22:02:27 -0500


Started GET "/assets/controllers/main/mainCreatePostCtrl.js?body=1" for 127.0.0.1 at 2014-06-16 22:02:27 -0500


Started GET "/assets/controllers/main/mainGamePlayCtrl.js?body=1" for 127.0.0.1 at 2014-06-16 22:02:27 -0500


Started GET "/assets/controllers/main/mainIndexCtrl.js?body=1" for 127.0.0.1 at 2014-06-16 22:02:27 -0500


Started GET "/assets/controllers/main/mainLessonCtrl.js?body=1" for 127.0.0.1 at 2014-06-16 22:02:27 -0500


Started GET "/assets/controllers/main/mainPlayCtrl.js?body=1" for 127.0.0.1 at 2014-06-16 22:02:27 -0500


Started GET "/assets/controllers/main/mainPostCtrl.js?body=1" for 127.0.0.1 at 2014-06-16 22:02:27 -0500


Started GET "/assets/controllers/main/mainScriptCtrl.js?body=1" for 127.0.0.1 at 2014-06-16 22:02:27 -0500


Started GET "/assets/directives/global/nav-bar.js?body=1" for 127.0.0.1 at 2014-06-16 22:02:27 -0500


Started GET "/assets/controllers/main/mainTrackCtrl.js?body=1" for 127.0.0.1 at 2014-06-16 22:02:27 -0500


Started GET "/assets/directives/main/empty.js?body=1" for 127.0.0.1 at 2014-06-16 22:02:27 -0500


Started GET "/assets/directives/main/ng-enter.js?body=1" for 127.0.0.1 at 2014-06-16 22:02:27 -0500


Started GET "/assets/directives/main/trial-game.js?body=1" for 127.0.0.1 at 2014-06-16 22:02:27 -0500


Started GET "/assets/mainTracks.html" for 127.0.0.1 at 2014-06-16 22:02:27 -0500


Started GET "/assets/nav-bar.html" for 127.0.0.1 at 2014-06-16 22:02:27 -0500


Started GET "/languages.json" for 127.0.0.1 at 2014-06-16 22:02:27 -0500
Processing by LanguagesController#index as JSON
  [1m[36mLanguage Load (0.7ms)[0m  [1mSELECT "languages".* FROM "languages"[0m
Completed 200 OK in 4ms (Views: 0.2ms | ActiveRecord: 0.7ms)


Started GET "/assets/mainLessons.html" for 127.0.0.1 at 2014-06-16 22:02:28 -0500


Started GET "/lessons/JavaScript.json" for 127.0.0.1 at 2014-06-16 22:02:28 -0500
Processing by LessonsController#index as JSON
  Parameters: {"track_name"=>"JavaScript"}
  [1m[35mLanguage Load (32.9ms)[0m  SELECT  "languages".* FROM "languages"  WHERE "languages"."name" = 'JavaScript'  ORDER BY "languages"."id" ASC LIMIT 1
  [1m[36mLesson Load (26.5ms)[0m  [1mSELECT "lessons".* FROM "lessons"  WHERE "lessons"."language_id" = $1[0m  [["language_id", 1]]
Completed 200 OK in 203ms (Views: 0.2ms | ActiveRecord: 61.6ms)


Started GET "/" for 127.0.0.1 at 2014-06-16 22:02:29 -0500
Processing by MainController#index as HTML
  Rendered main/index.html.erb within layouts/application (0.1ms)
Completed 200 OK in 23ms (Views: 22.5ms | ActiveRecord: 0.0ms)


Started GET "/assets/gameplay.css?body=1" for 127.0.0.1 at 2014-06-16 22:02:29 -0500


Started GET "/assets/main.css?body=1" for 127.0.0.1 at 2014-06-16 22:02:29 -0500


Started GET "/assets/application.css?body=1" for 127.0.0.1 at 2014-06-16 22:02:29 -0500


Started GET "/assets/jquery.js?body=1" for 127.0.0.1 at 2014-06-16 22:02:29 -0500


Started GET "/assets/underscore.js?body=1" for 127.0.0.1 at 2014-06-16 22:02:29 -0500


Started GET "/assets/jquery_ujs.js?body=1" for 127.0.0.1 at 2014-06-16 22:02:30 -0500


Started GET "/assets/main.js?body=1" for 127.0.0.1 at 2014-06-16 22:02:30 -0500


Started GET "/assets/angular.js?body=1" for 127.0.0.1 at 2014-06-16 22:02:30 -0500


Started GET "/assets/angular-route.js?body=1" for 127.0.0.1 at 2014-06-16 22:02:30 -0500


Started GET "/assets/devise.js?body=1" for 127.0.0.1 at 2014-06-16 22:02:30 -0500


Started GET "/assets/application.js?body=1" for 127.0.0.1 at 2014-06-16 22:02:30 -0500


Started GET "/assets/bootstrap-min.js?body=1" for 127.0.0.1 at 2014-06-16 22:02:30 -0500


Started GET "/assets/services/global/empty.js?body=1" for 127.0.0.1 at 2014-06-16 22:02:30 -0500


Started GET "/assets/services/main/postData.js?body=1" for 127.0.0.1 at 2014-06-16 22:02:30 -0500


Started GET "/assets/services/main/scriptData.js?body=1" for 127.0.0.1 at 2014-06-16 22:02:30 -0500


Started GET "/assets/filters/global/empty.js?body=1" for 127.0.0.1 at 2014-06-16 22:02:30 -0500


Started GET "/assets/filters/main/empty.js?body=1" for 127.0.0.1 at 2014-06-16 22:02:30 -0500


Started GET "/assets/controllers/main/mainPlayCtrl.js?body=1" for 127.0.0.1 at 2014-06-16 22:02:30 -0500


Started GET "/assets/controllers/main/mainCreatePostCtrl.js?body=1" for 127.0.0.1 at 2014-06-16 22:02:30 -0500


Started GET "/assets/controllers/main/mainIndexCtrl.js?body=1" for 127.0.0.1 at 2014-06-16 22:02:30 -0500


Started GET "/assets/controllers/global/empty.js?body=1" for 127.0.0.1 at 2014-06-16 22:02:30 -0500


Started GET "/assets/controllers/main/mainLessonCtrl.js?body=1" for 127.0.0.1 at 2014-06-16 22:02:30 -0500


Started GET "/assets/controllers/main/mainGamePlayCtrl.js?body=1" for 127.0.0.1 at 2014-06-16 22:02:30 -0500


Started GET "/assets/controllers/main/mainScriptCtrl.js?body=1" for 127.0.0.1 at 2014-06-16 22:02:30 -0500


Started GET "/assets/controllers/main/mainPostCtrl.js?body=1" for 127.0.0.1 at 2014-06-16 22:02:30 -0500


Started GET "/assets/controllers/main/mainTrackCtrl.js?body=1" for 127.0.0.1 at 2014-06-16 22:02:30 -0500


Started GET "/assets/directives/global/nav-bar.js?body=1" for 127.0.0.1 at 2014-06-16 22:02:30 -0500


Started GET "/assets/directives/main/empty.js?body=1" for 127.0.0.1 at 2014-06-16 22:02:30 -0500


Started GET "/assets/directives/main/ng-enter.js?body=1" for 127.0.0.1 at 2014-06-16 22:02:30 -0500


Started GET "/assets/directives/main/trial-game.js?body=1" for 127.0.0.1 at 2014-06-16 22:02:30 -0500


Started GET "/assets/mainLessons.html" for 127.0.0.1 at 2014-06-16 22:02:30 -0500


Started GET "/lessons/JavaScript.json" for 127.0.0.1 at 2014-06-16 22:02:30 -0500
Processing by LessonsController#index as JSON
  Parameters: {"track_name"=>"JavaScript"}
  [1m[35mLanguage Load (0.5ms)[0m  SELECT  "languages".* FROM "languages"  WHERE "languages"."name" = 'JavaScript'  ORDER BY "languages"."id" ASC LIMIT 1
  [1m[36mLesson Load (0.6ms)[0m  [1mSELECT "lessons".* FROM "lessons"  WHERE "lessons"."language_id" = $1[0m  [["language_id", 1]]
Completed 200 OK in 5ms (Views: 0.2ms | ActiveRecord: 1.1ms)


Started GET "/assets/nav-bar.html" for 127.0.0.1 at 2014-06-16 22:02:30 -0500


Started GET "/assets/mainScripts.html" for 127.0.0.1 at 2014-06-16 22:02:32 -0500


Started GET "/scripts.json" for 127.0.0.1 at 2014-06-16 22:02:32 -0500
Processing by ScriptsController#index as JSON
  [1m[35mScript Load (11.1ms)[0m  SELECT "scripts".* FROM "scripts"
Completed 200 OK in 110ms (Views: 0.2ms | ActiveRecord: 12.8ms)


Started GET "/assets/bootstrap.css.map" for 127.0.0.1 at 2014-06-16 22:02:34 -0500


Started GET "/lessons/JavaScript.json" for 127.0.0.1 at 2014-06-16 22:02:37 -0500
Processing by LessonsController#index as JSON
  Parameters: {"track_name"=>"JavaScript"}
  [1m[36mLanguage Load (0.5ms)[0m  [1mSELECT  "languages".* FROM "languages"  WHERE "languages"."name" = 'JavaScript'  ORDER BY "languages"."id" ASC LIMIT 1[0m
  [1m[35mLesson Load (0.3ms)[0m  SELECT "lessons".* FROM "lessons"  WHERE "lessons"."language_id" = $1  [["language_id", 1]]
Completed 200 OK in 6ms (Views: 0.2ms | ActiveRecord: 0.9ms)


Started GET "/" for 127.0.0.1 at 2014-06-16 22:02:39 -0500
Processing by MainController#index as HTML
  Rendered main/index.html.erb within layouts/application (0.2ms)
Completed 200 OK in 28ms (Views: 26.7ms | ActiveRecord: 0.0ms)


Started GET "/assets/gameplay.css?body=1" for 127.0.0.1 at 2014-06-16 22:02:39 -0500


Started GET "/assets/main.css?body=1" for 127.0.0.1 at 2014-06-16 22:02:39 -0500


Started GET "/assets/angular.js?body=1" for 127.0.0.1 at 2014-06-16 22:02:39 -0500


Started GET "/assets/jquery.js?body=1" for 127.0.0.1 at 2014-06-16 22:02:39 -0500


Started GET "/assets/jquery_ujs.js?body=1" for 127.0.0.1 at 2014-06-16 22:02:39 -0500


Started GET "/assets/bootstrap-min.js?body=1" for 127.0.0.1 at 2014-06-16 22:02:39 -0500


Started GET "/assets/underscore.js?body=1" for 127.0.0.1 at 2014-06-16 22:02:39 -0500


Started GET "/assets/application.css?body=1" for 127.0.0.1 at 2014-06-16 22:02:39 -0500


Started GET "/assets/services/main/postData.js?body=1" for 127.0.0.1 at 2014-06-16 22:02:39 -0500


Started GET "/assets/application.js?body=1" for 127.0.0.1 at 2014-06-16 22:02:39 -0500


Started GET "/assets/main.js?body=1" for 127.0.0.1 at 2014-06-16 22:02:39 -0500


Started GET "/assets/services/global/empty.js?body=1" for 127.0.0.1 at 2014-06-16 22:02:39 -0500


Started GET "/assets/devise.js?body=1" for 127.0.0.1 at 2014-06-16 22:02:39 -0500


Started GET "/assets/angular-route.js?body=1" for 127.0.0.1 at 2014-06-16 22:02:39 -0500


Started GET "/assets/services/main/scriptData.js?body=1" for 127.0.0.1 at 2014-06-16 22:02:40 -0500


Started GET "/assets/filters/global/empty.js?body=1" for 127.0.0.1 at 2014-06-16 22:02:40 -0500


Started GET "/assets/filters/main/empty.js?body=1" for 127.0.0.1 at 2014-06-16 22:02:40 -0500


Started GET "/assets/controllers/global/empty.js?body=1" for 127.0.0.1 at 2014-06-16 22:02:40 -0500


Started GET "/assets/controllers/main/mainPlayCtrl.js?body=1" for 127.0.0.1 at 2014-06-16 22:02:40 -0500


Started GET "/assets/controllers/main/mainCreatePostCtrl.js?body=1" for 127.0.0.1 at 2014-06-16 22:02:40 -0500


Started GET "/assets/controllers/main/mainIndexCtrl.js?body=1" for 127.0.0.1 at 2014-06-16 22:02:40 -0500


Started GET "/assets/controllers/main/mainLessonCtrl.js?body=1" for 127.0.0.1 at 2014-06-16 22:02:40 -0500


Started GET "/assets/controllers/main/mainPostCtrl.js?body=1" for 127.0.0.1 at 2014-06-16 22:02:40 -0500


Started GET "/assets/directives/main/ng-enter.js?body=1" for 127.0.0.1 at 2014-06-16 22:02:40 -0500


Started GET "/assets/controllers/main/mainTrackCtrl.js?body=1" for 127.0.0.1 at 2014-06-16 22:02:40 -0500


Started GET "/assets/directives/global/nav-bar.js?body=1" for 127.0.0.1 at 2014-06-16 22:02:40 -0500


Started GET "/assets/controllers/main/mainGamePlayCtrl.js?body=1" for 127.0.0.1 at 2014-06-16 22:02:40 -0500


Started GET "/assets/directives/main/empty.js?body=1" for 127.0.0.1 at 2014-06-16 22:02:40 -0500


Started GET "/assets/controllers/main/mainScriptCtrl.js?body=1" for 127.0.0.1 at 2014-06-16 22:02:40 -0500


Started GET "/assets/directives/main/trial-game.js?body=1" for 127.0.0.1 at 2014-06-16 22:02:40 -0500


Started GET "/assets/bootstrap.css.map" for 127.0.0.1 at 2014-06-16 22:02:40 -0500


Started GET "/assets/mainLessons.html" for 127.0.0.1 at 2014-06-16 22:02:40 -0500


Started GET "/lessons/JavaScript.json" for 127.0.0.1 at 2014-06-16 22:02:40 -0500
Processing by LessonsController#index as JSON
  Parameters: {"track_name"=>"JavaScript"}
  [1m[36mLanguage Load (0.8ms)[0m  [1mSELECT  "languages".* FROM "languages"  WHERE "languages"."name" = 'JavaScript'  ORDER BY "languages"."id" ASC LIMIT 1[0m
  [1m[35mLesson Load (0.3ms)[0m  SELECT "lessons".* FROM "lessons"  WHERE "lessons"."language_id" = $1  [["language_id", 1]]
Completed 200 OK in 5ms (Views: 0.3ms | ActiveRecord: 1.1ms)


Started GET "/assets/nav-bar.html" for 127.0.0.1 at 2014-06-16 22:02:40 -0500


Started GET "/assets/mainScripts.html" for 127.0.0.1 at 2014-06-16 22:02:51 -0500


Started GET "/scripts.json" for 127.0.0.1 at 2014-06-16 22:02:51 -0500
Processing by ScriptsController#index as JSON
  [1m[36mScript Load (0.5ms)[0m  [1mSELECT "scripts".* FROM "scripts"[0m
Completed 200 OK in 15ms (Views: 0.2ms | ActiveRecord: 0.5ms)


Started GET "/" for 127.0.0.1 at 2014-06-16 22:02:57 -0500
Processing by MainController#index as HTML
  Rendered main/index.html.erb within layouts/application (0.1ms)
Completed 200 OK in 24ms (Views: 23.0ms | ActiveRecord: 0.0ms)


Started GET "/assets/gameplay.css?body=1" for 127.0.0.1 at 2014-06-16 22:02:57 -0500


Started GET "/assets/main.css?body=1" for 127.0.0.1 at 2014-06-16 22:02:57 -0500


Started GET "/assets/application.css?body=1" for 127.0.0.1 at 2014-06-16 22:02:57 -0500


Started GET "/assets/jquery.js?body=1" for 127.0.0.1 at 2014-06-16 22:02:57 -0500


Started GET "/assets/jquery_ujs.js?body=1" for 127.0.0.1 at 2014-06-16 22:02:57 -0500


Started GET "/assets/underscore.js?body=1" for 127.0.0.1 at 2014-06-16 22:02:57 -0500


Started GET "/assets/bootstrap-min.js?body=1" for 127.0.0.1 at 2014-06-16 22:02:57 -0500


Started GET "/assets/angular.js?body=1" for 127.0.0.1 at 2014-06-16 22:02:57 -0500


Started GET "/assets/devise.js?body=1" for 127.0.0.1 at 2014-06-16 22:02:57 -0500


Started GET "/assets/application.js?body=1" for 127.0.0.1 at 2014-06-16 22:02:57 -0500


Started GET "/assets/main.js?body=1" for 127.0.0.1 at 2014-06-16 22:02:57 -0500


Started GET "/assets/angular-route.js?body=1" for 127.0.0.1 at 2014-06-16 22:02:57 -0500


Started GET "/assets/services/global/empty.js?body=1" for 127.0.0.1 at 2014-06-16 22:02:57 -0500


Started GET "/assets/services/main/postData.js?body=1" for 127.0.0.1 at 2014-06-16 22:02:57 -0500


Started GET "/assets/services/main/scriptData.js?body=1" for 127.0.0.1 at 2014-06-16 22:02:57 -0500


Started GET "/assets/filters/global/empty.js?body=1" for 127.0.0.1 at 2014-06-16 22:02:57 -0500


Started GET "/assets/filters/main/empty.js?body=1" for 127.0.0.1 at 2014-06-16 22:02:57 -0500


Started GET "/assets/controllers/global/empty.js?body=1" for 127.0.0.1 at 2014-06-16 22:02:57 -0500


Started GET "/assets/controllers/main/mainIndexCtrl.js?body=1" for 127.0.0.1 at 2014-06-16 22:02:57 -0500


Started GET "/assets/controllers/main/mainLessonCtrl.js?body=1" for 127.0.0.1 at 2014-06-16 22:02:57 -0500


Started GET "/assets/controllers/main/mainPlayCtrl.js?body=1" for 127.0.0.1 at 2014-06-16 22:02:57 -0500


Started GET "/assets/controllers/main/mainGamePlayCtrl.js?body=1" for 127.0.0.1 at 2014-06-16 22:02:57 -0500


Started GET "/assets/controllers/main/mainCreatePostCtrl.js?body=1" for 127.0.0.1 at 2014-06-16 22:02:57 -0500


Started GET "/assets/controllers/main/mainPostCtrl.js?body=1" for 127.0.0.1 at 2014-06-16 22:02:57 -0500


Started GET "/assets/controllers/main/mainScriptCtrl.js?body=1" for 127.0.0.1 at 2014-06-16 22:02:57 -0500


Started GET "/assets/controllers/main/mainTrackCtrl.js?body=1" for 127.0.0.1 at 2014-06-16 22:02:57 -0500


Started GET "/assets/directives/global/nav-bar.js?body=1" for 127.0.0.1 at 2014-06-16 22:02:57 -0500


Started GET "/assets/directives/main/empty.js?body=1" for 127.0.0.1 at 2014-06-16 22:02:57 -0500


Started GET "/assets/directives/main/ng-enter.js?body=1" for 127.0.0.1 at 2014-06-16 22:02:57 -0500


Started GET "/assets/directives/main/trial-game.js?body=1" for 127.0.0.1 at 2014-06-16 22:02:57 -0500


Started GET "/assets/bootstrap.css.map" for 127.0.0.1 at 2014-06-16 22:02:57 -0500


Started GET "/assets/mainScripts.html" for 127.0.0.1 at 2014-06-16 22:02:57 -0500


Started GET "/assets/nav-bar.html" for 127.0.0.1 at 2014-06-16 22:02:57 -0500


Started GET "/scripts.json" for 127.0.0.1 at 2014-06-16 22:02:57 -0500
Processing by ScriptsController#index as JSON
  [1m[35mScript Load (0.8ms)[0m  SELECT "scripts".* FROM "scripts"
Completed 200 OK in 8ms (Views: 0.2ms | ActiveRecord: 0.8ms)


Started GET "/assets/mainLessons.html" for 127.0.0.1 at 2014-06-16 22:03:08 -0500


Started GET "/lessons/JavaScript.json" for 127.0.0.1 at 2014-06-16 22:03:08 -0500
Processing by LessonsController#index as JSON
  Parameters: {"track_name"=>"JavaScript"}
  [1m[36mLanguage Load (1.3ms)[0m  [1mSELECT  "languages".* FROM "languages"  WHERE "languages"."name" = 'JavaScript'  ORDER BY "languages"."id" ASC LIMIT 1[0m
  [1m[35mLesson Load (3.7ms)[0m  SELECT "lessons".* FROM "lessons"  WHERE "lessons"."language_id" = $1  [["language_id", 1]]
Completed 200 OK in 9ms (Views: 0.2ms | ActiveRecord: 5.0ms)


Started GET "/lessons/JavaScript.json" for 127.0.0.1 at 2014-06-16 22:03:13 -0500
Processing by LessonsController#index as JSON
  Parameters: {"track_name"=>"JavaScript"}
  [1m[36mLanguage Load (1.1ms)[0m  [1mSELECT  "languages".* FROM "languages"  WHERE "languages"."name" = 'JavaScript'  ORDER BY "languages"."id" ASC LIMIT 1[0m
  [1m[35mLesson Load (3.4ms)[0m  SELECT "lessons".* FROM "lessons"  WHERE "lessons"."language_id" = $1  [["language_id", 1]]
Completed 200 OK in 8ms (Views: 0.1ms | ActiveRecord: 4.5ms)


Started GET "/lessons/JavaScript.json" for 127.0.0.1 at 2014-06-16 22:03:49 -0500
Processing by LessonsController#index as JSON
  Parameters: {"track_name"=>"JavaScript"}
  [1m[36mLanguage Load (1.1ms)[0m  [1mSELECT  "languages".* FROM "languages"  WHERE "languages"."name" = 'JavaScript'  ORDER BY "languages"."id" ASC LIMIT 1[0m
  [1m[35mLesson Load (0.4ms)[0m  SELECT "lessons".* FROM "lessons"  WHERE "lessons"."language_id" = $1  [["language_id", 1]]
Completed 200 OK in 5ms (Views: 0.1ms | ActiveRecord: 1.4ms)


Started GET "/assets/mainTracks.html" for 127.0.0.1 at 2014-06-16 22:03:53 -0500


Started GET "/languages.json" for 127.0.0.1 at 2014-06-16 22:03:53 -0500
Processing by LanguagesController#index as JSON
  [1m[36mLanguage Load (1.3ms)[0m  [1mSELECT "languages".* FROM "languages"[0m
Completed 200 OK in 4ms (Views: 0.2ms | ActiveRecord: 1.3ms)


Started GET "/lessons/JavaScript.json" for 127.0.0.1 at 2014-06-16 22:04:00 -0500
Processing by LessonsController#index as JSON
  Parameters: {"track_name"=>"JavaScript"}
  [1m[35mLanguage Load (9.8ms)[0m  SELECT  "languages".* FROM "languages"  WHERE "languages"."name" = 'JavaScript'  ORDER BY "languages"."id" ASC LIMIT 1
  [1m[36mLesson Load (0.3ms)[0m  [1mSELECT "lessons".* FROM "lessons"  WHERE "lessons"."language_id" = $1[0m  [["language_id", 1]]
Completed 200 OK in 15ms (Views: 0.2ms | ActiveRecord: 10.0ms)


Started GET "/assets/mainGamePlay.html" for 127.0.0.1 at 2014-06-16 22:10:06 -0500


Started POST "/performances.json" for 127.0.0.1 at 2014-06-16 22:10:48 -0500
Processing by PerformancesController#create as JSON
  Parameters: {"new_performance"=>{"number_missed"=>1, "total_characters"=>66, "time_elapsed"=>"1970-01-01T00:00:42.076Z", "wpm"=>1.5923566878980893, "script_id"=>"2", "missed_characters"=>"e"}, "performance"=>{}}
  [1m[35mUser Load (25.0ms)[0m  SELECT  "users".* FROM "users"  WHERE "users"."id" = 1  ORDER BY "users"."id" ASC LIMIT 1
  [1m[36m (0.2ms)[0m  [1mBEGIN[0m
  [1m[35mSQL (3.2ms)[0m  INSERT INTO "performances" ("created_at", "missed_characters", "number_missed", "script_id", "time_elapsed", "total_characters", "updated_at", "user_id", "wpm") VALUES ($1, $2, $3, $4, $5, $6, $7, $8, $9) RETURNING "id"  [["created_at", "2014-06-17 03:10:48.503651"], ["missed_characters", "e"], ["number_missed", 1], ["script_id", 2], ["time_elapsed", "2000-01-01 00:00:42.000000"], ["total_characters", 66], ["updated_at", "2014-06-17 03:10:48.503651"], ["user_id", 1], ["wpm", 1.5923566878980893]]
  [1m[36m (0.9ms)[0m  [1mCOMMIT[0m
Completed 200 OK in 124ms (Views: 0.3ms | ActiveRecord: 33.6ms)


Started GET "/" for 127.0.0.1 at 2014-06-16 22:11:39 -0500
Processing by MainController#index as HTML
  Rendered main/index.html.erb within layouts/application (0.1ms)
Completed 200 OK in 95ms (Views: 93.7ms | ActiveRecord: 0.0ms)


Started GET "/assets/main.css?body=1" for 127.0.0.1 at 2014-06-16 22:11:39 -0500


Started GET "/assets/application.css?body=1" for 127.0.0.1 at 2014-06-16 22:11:39 -0500


Started GET "/assets/jquery.js?body=1" for 127.0.0.1 at 2014-06-16 22:11:39 -0500


Started GET "/assets/gameplay.css?body=1" for 127.0.0.1 at 2014-06-16 22:11:39 -0500


Started GET "/assets/jquery_ujs.js?body=1" for 127.0.0.1 at 2014-06-16 22:11:39 -0500


Started GET "/assets/bootstrap-min.js?body=1" for 127.0.0.1 at 2014-06-16 22:11:39 -0500


Started GET "/assets/underscore.js?body=1" for 127.0.0.1 at 2014-06-16 22:11:39 -0500


Started GET "/assets/angular.js?body=1" for 127.0.0.1 at 2014-06-16 22:11:39 -0500


Started GET "/assets/angular-route.js?body=1" for 127.0.0.1 at 2014-06-16 22:11:39 -0500


Started GET "/assets/devise.js?body=1" for 127.0.0.1 at 2014-06-16 22:11:39 -0500


Started GET "/assets/application.js?body=1" for 127.0.0.1 at 2014-06-16 22:11:39 -0500


Started GET "/assets/main.js?body=1" for 127.0.0.1 at 2014-06-16 22:11:39 -0500


Started GET "/assets/services/global/empty.js?body=1" for 127.0.0.1 at 2014-06-16 22:11:39 -0500


Started GET "/assets/services/main/postData.js?body=1" for 127.0.0.1 at 2014-06-16 22:11:39 -0500


Started GET "/assets/services/main/scriptData.js?body=1" for 127.0.0.1 at 2014-06-16 22:11:39 -0500


Started GET "/assets/filters/global/empty.js?body=1" for 127.0.0.1 at 2014-06-16 22:11:39 -0500


Started GET "/assets/filters/main/empty.js?body=1" for 127.0.0.1 at 2014-06-16 22:11:40 -0500


Started GET "/assets/controllers/main/mainCreatePostCtrl.js?body=1" for 127.0.0.1 at 2014-06-16 22:11:40 -0500


Started GET "/assets/controllers/global/empty.js?body=1" for 127.0.0.1 at 2014-06-16 22:11:40 -0500


Started GET "/assets/controllers/main/mainIndexCtrl.js?body=1" for 127.0.0.1 at 2014-06-16 22:11:40 -0500


Started GET "/assets/controllers/main/mainGamePlayCtrl.js?body=1" for 127.0.0.1 at 2014-06-16 22:11:40 -0500


Started GET "/assets/controllers/main/mainPlayCtrl.js?body=1" for 127.0.0.1 at 2014-06-16 22:11:40 -0500


Started GET "/assets/controllers/main/mainPostCtrl.js?body=1" for 127.0.0.1 at 2014-06-16 22:11:40 -0500


Started GET "/assets/controllers/main/mainLessonCtrl.js?body=1" for 127.0.0.1 at 2014-06-16 22:11:40 -0500


Started GET "/assets/controllers/main/mainTrackCtrl.js?body=1" for 127.0.0.1 at 2014-06-16 22:11:40 -0500


Started GET "/assets/controllers/main/mainScriptCtrl.js?body=1" for 127.0.0.1 at 2014-06-16 22:11:40 -0500


Started GET "/assets/directives/global/nav-bar.js?body=1" for 127.0.0.1 at 2014-06-16 22:11:40 -0500


Started GET "/assets/directives/main/empty.js?body=1" for 127.0.0.1 at 2014-06-16 22:11:40 -0500


Started GET "/assets/directives/main/ng-enter.js?body=1" for 127.0.0.1 at 2014-06-16 22:11:40 -0500


Started GET "/assets/directives/main/trial-game.js?body=1" for 127.0.0.1 at 2014-06-16 22:11:40 -0500


Started GET "/assets/bootstrap.css.map" for 127.0.0.1 at 2014-06-16 22:11:40 -0500


Started GET "/assets/mainIndex.html" for 127.0.0.1 at 2014-06-16 22:11:40 -0500


Started GET "/assets/nav-bar.html" for 127.0.0.1 at 2014-06-16 22:11:40 -0500


Started GET "/" for 127.0.0.1 at 2014-06-16 22:11:58 -0500
Processing by MainController#index as HTML
  Rendered main/index.html.erb within layouts/application (0.1ms)
Completed 200 OK in 84ms (Views: 82.9ms | ActiveRecord: 0.0ms)


Started GET "/assets/gameplay.css?body=1" for 127.0.0.1 at 2014-06-16 22:11:58 -0500


Started GET "/assets/main.css?body=1" for 127.0.0.1 at 2014-06-16 22:11:58 -0500


Started GET "/assets/application.css?body=1" for 127.0.0.1 at 2014-06-16 22:11:58 -0500


Started GET "/assets/jquery.js?body=1" for 127.0.0.1 at 2014-06-16 22:11:58 -0500


Started GET "/assets/devise.js?body=1" for 127.0.0.1 at 2014-06-16 22:11:58 -0500


Started GET "/assets/underscore.js?body=1" for 127.0.0.1 at 2014-06-16 22:11:58 -0500


Started GET "/assets/bootstrap-min.js?body=1" for 127.0.0.1 at 2014-06-16 22:11:58 -0500


Started GET "/assets/angular.js?body=1" for 127.0.0.1 at 2014-06-16 22:11:58 -0500


Started GET "/assets/angular-route.js?body=1" for 127.0.0.1 at 2014-06-16 22:11:58 -0500


Started GET "/assets/jquery_ujs.js?body=1" for 127.0.0.1 at 2014-06-16 22:11:58 -0500


Started GET "/assets/application.js?body=1" for 127.0.0.1 at 2014-06-16 22:11:58 -0500


Started GET "/assets/main.js?body=1" for 127.0.0.1 at 2014-06-16 22:11:58 -0500


Started GET "/assets/services/global/empty.js?body=1" for 127.0.0.1 at 2014-06-16 22:11:58 -0500


Started GET "/assets/services/main/postData.js?body=1" for 127.0.0.1 at 2014-06-16 22:11:58 -0500


Started GET "/assets/services/main/scriptData.js?body=1" for 127.0.0.1 at 2014-06-16 22:11:58 -0500


Started GET "/assets/filters/global/empty.js?body=1" for 127.0.0.1 at 2014-06-16 22:11:58 -0500


Started GET "/assets/filters/main/empty.js?body=1" for 127.0.0.1 at 2014-06-16 22:11:58 -0500


Started GET "/assets/controllers/global/empty.js?body=1" for 127.0.0.1 at 2014-06-16 22:11:58 -0500


Started GET "/assets/controllers/main/mainCreatePostCtrl.js?body=1" for 127.0.0.1 at 2014-06-16 22:11:58 -0500


Started GET "/assets/controllers/main/mainGamePlayCtrl.js?body=1" for 127.0.0.1 at 2014-06-16 22:11:58 -0500


Started GET "/assets/controllers/main/mainIndexCtrl.js?body=1" for 127.0.0.1 at 2014-06-16 22:11:58 -0500


Started GET "/assets/controllers/main/mainLessonCtrl.js?body=1" for 127.0.0.1 at 2014-06-16 22:11:58 -0500


Started GET "/assets/controllers/main/mainPlayCtrl.js?body=1" for 127.0.0.1 at 2014-06-16 22:11:58 -0500


Started GET "/assets/controllers/main/mainPostCtrl.js?body=1" for 127.0.0.1 at 2014-06-16 22:11:58 -0500


Started GET "/assets/directives/global/nav-bar.js?body=1" for 127.0.0.1 at 2014-06-16 22:11:58 -0500


Started GET "/assets/controllers/main/mainScriptCtrl.js?body=1" for 127.0.0.1 at 2014-06-16 22:11:58 -0500


Started GET "/assets/directives/main/empty.js?body=1" for 127.0.0.1 at 2014-06-16 22:11:58 -0500


Started GET "/assets/controllers/main/mainTrackCtrl.js?body=1" for 127.0.0.1 at 2014-06-16 22:11:58 -0500


Started GET "/assets/directives/main/ng-enter.js?body=1" for 127.0.0.1 at 2014-06-16 22:11:58 -0500


Started GET "/assets/bootstrap.css.map" for 127.0.0.1 at 2014-06-16 22:11:58 -0500


Started GET "/assets/directives/main/trial-game.js?body=1" for 127.0.0.1 at 2014-06-16 22:11:58 -0500


Started GET "/assets/mainIndex.html" for 127.0.0.1 at 2014-06-16 22:11:59 -0500


Started GET "/assets/nav-bar.html" for 127.0.0.1 at 2014-06-16 22:11:59 -0500


Started GET "/" for 127.0.0.1 at 2014-06-16 22:30:57 -0500
Processing by MainController#index as HTML
  Rendered main/index.html.erb within layouts/application (0.1ms)
Completed 200 OK in 959ms (Views: 957.6ms | ActiveRecord: 0.0ms)


Started GET "/" for 127.0.0.1 at 2014-06-16 22:30:58 -0500
Processing by MainController#index as HTML
  Rendered main/index.html.erb within layouts/application (0.1ms)
Completed 200 OK in 84ms (Views: 83.3ms | ActiveRecord: 0.0ms)


Started GET "/assets/main.css?body=1" for 127.0.0.1 at 2014-06-16 22:30:58 -0500


Started GET "/assets/application.css?body=1" for 127.0.0.1 at 2014-06-16 22:30:58 -0500


Started GET "/assets/jquery.js?body=1" for 127.0.0.1 at 2014-06-16 22:30:58 -0500


Started GET "/assets/angular-route.js?body=1" for 127.0.0.1 at 2014-06-16 22:30:58 -0500


Started GET "/assets/jquery_ujs.js?body=1" for 127.0.0.1 at 2014-06-16 22:30:58 -0500


Started GET "/assets/bootstrap-min.js?body=1" for 127.0.0.1 at 2014-06-16 22:30:58 -0500


Started GET "/assets/underscore.js?body=1" for 127.0.0.1 at 2014-06-16 22:30:58 -0500


Started GET "/assets/services/global/empty.js?body=1" for 127.0.0.1 at 2014-06-16 22:30:58 -0500


Started GET "/assets/gameplay.css?body=1" for 127.0.0.1 at 2014-06-16 22:30:58 -0500


Started GET "/assets/services/main/scriptData.js?body=1" for 127.0.0.1 at 2014-06-16 22:30:58 -0500


Started GET "/assets/filters/global/empty.js?body=1" for 127.0.0.1 at 2014-06-16 22:30:58 -0500


Started GET "/assets/main.js?body=1" for 127.0.0.1 at 2014-06-16 22:30:58 -0500


Started GET "/assets/angular.js?body=1" for 127.0.0.1 at 2014-06-16 22:30:58 -0500


Started GET "/assets/services/main/postData.js?body=1" for 127.0.0.1 at 2014-06-16 22:30:58 -0500


Started GET "/assets/application.js?body=1" for 127.0.0.1 at 2014-06-16 22:30:58 -0500


Started GET "/assets/devise.js?body=1" for 127.0.0.1 at 2014-06-16 22:30:58 -0500


Started GET "/assets/filters/main/empty.js?body=1" for 127.0.0.1 at 2014-06-16 22:30:58 -0500


Started GET "/assets/controllers/main/mainCreatePostCtrl.js?body=1" for 127.0.0.1 at 2014-06-16 22:30:58 -0500


Started GET "/assets/controllers/main/mainIndexCtrl.js?body=1" for 127.0.0.1 at 2014-06-16 22:30:58 -0500


Started GET "/assets/controllers/main/mainGamePlayCtrl.js?body=1" for 127.0.0.1 at 2014-06-16 22:30:58 -0500


Started GET "/assets/controllers/main/mainLessonCtrl.js?body=1" for 127.0.0.1 at 2014-06-16 22:30:58 -0500


Started GET "/assets/controllers/main/mainPlayCtrl.js?body=1" for 127.0.0.1 at 2014-06-16 22:30:58 -0500


Started GET "/assets/controllers/global/empty.js?body=1" for 127.0.0.1 at 2014-06-16 22:30:58 -0500


Started GET "/assets/controllers/main/mainPostCtrl.js?body=1" for 127.0.0.1 at 2014-06-16 22:30:58 -0500


Started GET "/assets/controllers/main/mainScriptCtrl.js?body=1" for 127.0.0.1 at 2014-06-16 22:30:58 -0500


Started GET "/assets/controllers/main/mainTrackCtrl.js?body=1" for 127.0.0.1 at 2014-06-16 22:30:58 -0500


Started GET "/assets/directives/global/nav-bar.js?body=1" for 127.0.0.1 at 2014-06-16 22:30:58 -0500


Started GET "/assets/directives/main/empty.js?body=1" for 127.0.0.1 at 2014-06-16 22:30:58 -0500


Started GET "/assets/directives/main/trial-game.js?body=1" for 127.0.0.1 at 2014-06-16 22:30:58 -0500


Started GET "/assets/directives/main/ng-enter.js?body=1" for 127.0.0.1 at 2014-06-16 22:30:58 -0500


Started GET "/assets/mainIndex.html" for 127.0.0.1 at 2014-06-16 22:30:58 -0500


Started GET "/assets/nav-bar.html" for 127.0.0.1 at 2014-06-16 22:30:58 -0500


Started GET "/assets/bootstrap.css.map" for 127.0.0.1 at 2014-06-16 22:31:02 -0500


Started GET "/" for 127.0.0.1 at 2014-06-16 22:31:19 -0500
Processing by MainController#index as HTML
  Rendered main/index.html.erb within layouts/application (0.1ms)
Completed 200 OK in 638ms (Views: 637.3ms | ActiveRecord: 0.0ms)


Started GET "/assets/gameplay.css?body=1" for 127.0.0.1 at 2014-06-16 22:31:20 -0500


Started GET "/assets/main.css?body=1" for 127.0.0.1 at 2014-06-16 22:31:20 -0500


Started GET "/assets/application.css?body=1" for 127.0.0.1 at 2014-06-16 22:31:20 -0500


Started GET "/assets/jquery.js?body=1" for 127.0.0.1 at 2014-06-16 22:31:20 -0500


Started GET "/assets/devise.js?body=1" for 127.0.0.1 at 2014-06-16 22:31:20 -0500


Started GET "/assets/underscore.js?body=1" for 127.0.0.1 at 2014-06-16 22:31:20 -0500


Started GET "/assets/bootstrap-min.js?body=1" for 127.0.0.1 at 2014-06-16 22:31:20 -0500


Started GET "/assets/angular.js?body=1" for 127.0.0.1 at 2014-06-16 22:31:20 -0500


Started GET "/assets/angular-route.js?body=1" for 127.0.0.1 at 2014-06-16 22:31:20 -0500


Started GET "/assets/jquery_ujs.js?body=1" for 127.0.0.1 at 2014-06-16 22:31:20 -0500


Started GET "/assets/application.js?body=1" for 127.0.0.1 at 2014-06-16 22:31:20 -0500


Started GET "/assets/main.js?body=1" for 127.0.0.1 at 2014-06-16 22:31:20 -0500


Started GET "/assets/services/global/empty.js?body=1" for 127.0.0.1 at 2014-06-16 22:31:20 -0500


Started GET "/assets/services/main/postData.js?body=1" for 127.0.0.1 at 2014-06-16 22:31:20 -0500


Started GET "/assets/services/main/scriptData.js?body=1" for 127.0.0.1 at 2014-06-16 22:31:20 -0500


Started GET "/assets/filters/global/empty.js?body=1" for 127.0.0.1 at 2014-06-16 22:31:20 -0500


Started GET "/assets/filters/main/empty.js?body=1" for 127.0.0.1 at 2014-06-16 22:31:20 -0500


Started GET "/assets/controllers/main/mainCreatePostCtrl.js?body=1" for 127.0.0.1 at 2014-06-16 22:31:20 -0500


Started GET "/assets/controllers/main/mainGamePlayCtrl.js?body=1" for 127.0.0.1 at 2014-06-16 22:31:20 -0500


Started GET "/assets/controllers/main/mainLessonCtrl.js?body=1" for 127.0.0.1 at 2014-06-16 22:31:20 -0500


Started GET "/assets/controllers/main/mainIndexCtrl.js?body=1" for 127.0.0.1 at 2014-06-16 22:31:20 -0500


Started GET "/assets/controllers/global/empty.js?body=1" for 127.0.0.1 at 2014-06-16 22:31:20 -0500


Started GET "/assets/controllers/main/mainPlayCtrl.js?body=1" for 127.0.0.1 at 2014-06-16 22:31:20 -0500


Started GET "/assets/controllers/main/mainPostCtrl.js?body=1" for 127.0.0.1 at 2014-06-16 22:31:20 -0500


Started GET "/assets/controllers/main/mainScriptCtrl.js?body=1" for 127.0.0.1 at 2014-06-16 22:31:20 -0500


Started GET "/assets/bootstrap.css.map" for 127.0.0.1 at 2014-06-16 22:31:20 -0500


Started GET "/assets/directives/global/nav-bar.js?body=1" for 127.0.0.1 at 2014-06-16 22:31:20 -0500


Started GET "/assets/directives/main/ng-enter.js?body=1" for 127.0.0.1 at 2014-06-16 22:31:20 -0500


Started GET "/assets/controllers/main/mainTrackCtrl.js?body=1" for 127.0.0.1 at 2014-06-16 22:31:20 -0500


Started GET "/assets/directives/main/trial-game.js?body=1" for 127.0.0.1 at 2014-06-16 22:31:20 -0500


Started GET "/assets/directives/main/empty.js?body=1" for 127.0.0.1 at 2014-06-16 22:31:20 -0500


Started GET "/assets/mainIndex.html" for 127.0.0.1 at 2014-06-16 22:31:20 -0500


Started GET "/assets/nav-bar.html" for 127.0.0.1 at 2014-06-16 22:31:20 -0500


Started GET "/assets/trial-game.html" for 127.0.0.1 at 2014-06-16 22:31:20 -0500


Started GET "/scripts.json" for 127.0.0.1 at 2014-06-16 22:31:20 -0500
Processing by ScriptsController#index as JSON
  [1m[35mScript Load (0.5ms)[0m  SELECT "scripts".* FROM "scripts"
Completed 200 OK in 10ms (Views: 0.3ms | ActiveRecord: 0.5ms)


Started GET "/" for 127.0.0.1 at 2014-06-16 22:33:10 -0500
Processing by MainController#index as HTML
  Rendered main/index.html.erb within layouts/application (0.1ms)
Completed 200 OK in 24ms (Views: 23.7ms | ActiveRecord: 0.0ms)


Started GET "/assets/gameplay.css?body=1" for 127.0.0.1 at 2014-06-16 22:33:10 -0500


Started GET "/assets/main.css?body=1" for 127.0.0.1 at 2014-06-16 22:33:10 -0500


Started GET "/assets/jquery.js?body=1" for 127.0.0.1 at 2014-06-16 22:33:10 -0500


Started GET "/assets/jquery_ujs.js?body=1" for 127.0.0.1 at 2014-06-16 22:33:10 -0500


Started GET "/assets/underscore.js?body=1" for 127.0.0.1 at 2014-06-16 22:33:10 -0500


Started GET "/assets/application.css?body=1" for 127.0.0.1 at 2014-06-16 22:33:10 -0500


Started GET "/assets/angular.js?body=1" for 127.0.0.1 at 2014-06-16 22:33:10 -0500


Started GET "/assets/angular-route.js?body=1" for 127.0.0.1 at 2014-06-16 22:33:10 -0500


Started GET "/assets/devise.js?body=1" for 127.0.0.1 at 2014-06-16 22:33:10 -0500


Started GET "/assets/application.js?body=1" for 127.0.0.1 at 2014-06-16 22:33:10 -0500


Started GET "/assets/main.js?body=1" for 127.0.0.1 at 2014-06-16 22:33:10 -0500


Started GET "/assets/services/global/empty.js?body=1" for 127.0.0.1 at 2014-06-16 22:33:10 -0500


Started GET "/assets/services/main/postData.js?body=1" for 127.0.0.1 at 2014-06-16 22:33:10 -0500


Started GET "/assets/services/main/scriptData.js?body=1" for 127.0.0.1 at 2014-06-16 22:33:10 -0500


Started GET "/assets/filters/global/empty.js?body=1" for 127.0.0.1 at 2014-06-16 22:33:10 -0500


Started GET "/assets/bootstrap-min.js?body=1" for 127.0.0.1 at 2014-06-16 22:33:10 -0500


Started GET "/assets/controllers/global/empty.js?body=1" for 127.0.0.1 at 2014-06-16 22:33:10 -0500


Started GET "/assets/controllers/main/mainCreatePostCtrl.js?body=1" for 127.0.0.1 at 2014-06-16 22:33:10 -0500


Started GET "/assets/controllers/main/mainGamePlayCtrl.js?body=1" for 127.0.0.1 at 2014-06-16 22:33:10 -0500


Started GET "/assets/controllers/main/mainIndexCtrl.js?body=1" for 127.0.0.1 at 2014-06-16 22:33:10 -0500


Started GET "/assets/controllers/main/mainLessonCtrl.js?body=1" for 127.0.0.1 at 2014-06-16 22:33:10 -0500


Started GET "/assets/controllers/main/mainScriptCtrl.js?body=1" for 127.0.0.1 at 2014-06-16 22:33:10 -0500


Started GET "/assets/controllers/main/mainTrackCtrl.js?body=1" for 127.0.0.1 at 2014-06-16 22:33:10 -0500


Started GET "/assets/controllers/main/mainPostCtrl.js?body=1" for 127.0.0.1 at 2014-06-16 22:33:10 -0500


Started GET "/assets/directives/global/nav-bar.js?body=1" for 127.0.0.1 at 2014-06-16 22:33:10 -0500


Started GET "/assets/controllers/main/mainPlayCtrl.js?body=1" for 127.0.0.1 at 2014-06-16 22:33:10 -0500


Started GET "/assets/directives/main/empty.js?body=1" for 127.0.0.1 at 2014-06-16 22:33:10 -0500


Started GET "/assets/directives/main/ng-enter.js?body=1" for 127.0.0.1 at 2014-06-16 22:33:10 -0500


Started GET "/assets/directives/main/trial-game.js?body=1" for 127.0.0.1 at 2014-06-16 22:33:10 -0500


Started GET "/assets/filters/main/empty.js?body=1" for 127.0.0.1 at 2014-06-16 22:33:10 -0500


Started GET "/assets/bootstrap.css.map" for 127.0.0.1 at 2014-06-16 22:33:10 -0500


Started GET "/assets/mainIndex.html" for 127.0.0.1 at 2014-06-16 22:33:10 -0500


Started GET "/assets/nav-bar.html" for 127.0.0.1 at 2014-06-16 22:33:11 -0500


Started GET "/assets/trial-game.html" for 127.0.0.1 at 2014-06-16 22:33:11 -0500


Started GET "/scripts.json" for 127.0.0.1 at 2014-06-16 22:33:11 -0500
Processing by ScriptsController#index as JSON
  [1m[36mScript Load (0.5ms)[0m  [1mSELECT "scripts".* FROM "scripts"[0m
Completed 200 OK in 9ms (Views: 0.5ms | ActiveRecord: 0.5ms)


Started GET "/" for 127.0.0.1 at 2014-06-16 22:34:40 -0500
Processing by MainController#index as HTML
  Rendered main/index.html.erb within layouts/application (0.1ms)
Completed 200 OK in 669ms (Views: 668.3ms | ActiveRecord: 0.0ms)


Started GET "/assets/gameplay.css?body=1" for 127.0.0.1 at 2014-06-16 22:34:41 -0500


Started GET "/assets/main.css?body=1" for 127.0.0.1 at 2014-06-16 22:34:41 -0500


Started GET "/assets/application.css?body=1" for 127.0.0.1 at 2014-06-16 22:34:41 -0500


Started GET "/assets/jquery.js?body=1" for 127.0.0.1 at 2014-06-16 22:34:41 -0500


Started GET "/assets/jquery_ujs.js?body=1" for 127.0.0.1 at 2014-06-16 22:34:41 -0500


Started GET "/assets/underscore.js?body=1" for 127.0.0.1 at 2014-06-16 22:34:41 -0500


Started GET "/assets/bootstrap-min.js?body=1" for 127.0.0.1 at 2014-06-16 22:34:41 -0500


Started GET "/assets/angular.js?body=1" for 127.0.0.1 at 2014-06-16 22:34:41 -0500


Started GET "/assets/angular-route.js?body=1" for 127.0.0.1 at 2014-06-16 22:34:41 -0500


Started GET "/assets/devise.js?body=1" for 127.0.0.1 at 2014-06-16 22:34:41 -0500


Started GET "/assets/application.js?body=1" for 127.0.0.1 at 2014-06-16 22:34:41 -0500


Started GET "/assets/main.js?body=1" for 127.0.0.1 at 2014-06-16 22:34:41 -0500


Started GET "/assets/services/main/scriptData.js?body=1" for 127.0.0.1 at 2014-06-16 22:34:41 -0500


Started GET "/assets/services/main/postData.js?body=1" for 127.0.0.1 at 2014-06-16 22:34:41 -0500


Started GET "/assets/filters/global/empty.js?body=1" for 127.0.0.1 at 2014-06-16 22:34:41 -0500


Started GET "/assets/filters/main/empty.js?body=1" for 127.0.0.1 at 2014-06-16 22:34:41 -0500


Started GET "/assets/controllers/main/mainCreatePostCtrl.js?body=1" for 127.0.0.1 at 2014-06-16 22:34:41 -0500


Started GET "/assets/controllers/main/mainGamePlayCtrl.js?body=1" for 127.0.0.1 at 2014-06-16 22:34:41 -0500


Started GET "/assets/controllers/main/mainLessonCtrl.js?body=1" for 127.0.0.1 at 2014-06-16 22:34:41 -0500


Started GET "/assets/controllers/main/mainPlayCtrl.js?body=1" for 127.0.0.1 at 2014-06-16 22:34:41 -0500


Started GET "/assets/controllers/global/empty.js?body=1" for 127.0.0.1 at 2014-06-16 22:34:41 -0500


Started GET "/assets/controllers/main/mainIndexCtrl.js?body=1" for 127.0.0.1 at 2014-06-16 22:34:41 -0500


Started GET "/assets/controllers/main/mainPostCtrl.js?body=1" for 127.0.0.1 at 2014-06-16 22:34:41 -0500


Started GET "/assets/services/global/empty.js?body=1" for 127.0.0.1 at 2014-06-16 22:34:41 -0500


Started GET "/assets/controllers/main/mainScriptCtrl.js?body=1" for 127.0.0.1 at 2014-06-16 22:34:41 -0500


Started GET "/assets/controllers/main/mainTrackCtrl.js?body=1" for 127.0.0.1 at 2014-06-16 22:34:41 -0500


Started GET "/assets/directives/main/empty.js?body=1" for 127.0.0.1 at 2014-06-16 22:34:41 -0500


Started GET "/assets/directives/global/nav-bar.js?body=1" for 127.0.0.1 at 2014-06-16 22:34:41 -0500


Started GET "/assets/directives/main/ng-enter.js?body=1" for 127.0.0.1 at 2014-06-16 22:34:41 -0500


Started GET "/assets/directives/main/trial-game.js?body=1" for 127.0.0.1 at 2014-06-16 22:34:41 -0500


Started GET "/assets/bootstrap.css.map" for 127.0.0.1 at 2014-06-16 22:34:41 -0500


Started GET "/assets/mainIndex.html" for 127.0.0.1 at 2014-06-16 22:34:41 -0500


Started GET "/assets/nav-bar.html" for 127.0.0.1 at 2014-06-16 22:34:41 -0500


Started GET "/assets/trial-game.html" for 127.0.0.1 at 2014-06-16 22:34:41 -0500


Started GET "/scripts.json" for 127.0.0.1 at 2014-06-16 22:34:42 -0500
Processing by ScriptsController#index as JSON
  [1m[35mScript Load (0.5ms)[0m  SELECT "scripts".* FROM "scripts"
Completed 200 OK in 8ms (Views: 0.2ms | ActiveRecord: 0.5ms)


Started POST "/performances.json" for 127.0.0.1 at 2014-06-16 22:35:10 -0500
Processing by PerformancesController#create as JSON
  Parameters: {"new_performance"=>{"number_missed"=>4, "total_characters"=>81, "time_elapsed"=>"1970-01-01T00:00:28.843Z", "wpm"=>2.9469888707832057, "missed_characters"=>"n,(,(, "}, "performance"=>{}}
  [1m[36mUser Load (0.6ms)[0m  [1mSELECT  "users".* FROM "users"  WHERE "users"."id" = 1  ORDER BY "users"."id" ASC LIMIT 1[0m
  [1m[35m (0.2ms)[0m  BEGIN
  [1m[36mSQL (0.3ms)[0m  [1mINSERT INTO "performances" ("created_at", "missed_characters", "number_missed", "time_elapsed", "total_characters", "updated_at", "user_id", "wpm") VALUES ($1, $2, $3, $4, $5, $6, $7, $8) RETURNING "id"[0m  [["created_at", "2014-06-17 03:35:10.936145"], ["missed_characters", "n,(,(, "], ["number_missed", 4], ["time_elapsed", "2000-01-01 00:00:28.000000"], ["total_characters", 81], ["updated_at", "2014-06-17 03:35:10.936145"], ["user_id", 1], ["wpm", 2.9469888707832057]]
  [1m[35m (0.8ms)[0m  COMMIT
Completed 200 OK in 10ms (Views: 0.3ms | ActiveRecord: 1.9ms)


Started GET "/" for 127.0.0.1 at 2014-06-16 22:39:12 -0500
Processing by MainController#index as HTML
  Rendered main/index.html.erb within layouts/application (0.1ms)
Completed 200 OK in 563ms (Views: 561.6ms | ActiveRecord: 0.0ms)


Started GET "/assets/gameplay.css?body=1" for 127.0.0.1 at 2014-06-16 22:39:12 -0500


Started GET "/assets/main.css?body=1" for 127.0.0.1 at 2014-06-16 22:39:12 -0500


Started GET "/assets/application.css?body=1" for 127.0.0.1 at 2014-06-16 22:39:12 -0500


Started GET "/assets/jquery.js?body=1" for 127.0.0.1 at 2014-06-16 22:39:12 -0500


Started GET "/assets/jquery_ujs.js?body=1" for 127.0.0.1 at 2014-06-16 22:39:12 -0500


Started GET "/assets/application.js?body=1" for 127.0.0.1 at 2014-06-16 22:39:12 -0500


Started GET "/assets/angular.js?body=1" for 127.0.0.1 at 2014-06-16 22:39:12 -0500


Started GET "/assets/angular-route.js?body=1" for 127.0.0.1 at 2014-06-16 22:39:12 -0500


Started GET "/assets/devise.js?body=1" for 127.0.0.1 at 2014-06-16 22:39:12 -0500


Started GET "/assets/underscore.js?body=1" for 127.0.0.1 at 2014-06-16 22:39:12 -0500


Started GET "/assets/main.js?body=1" for 127.0.0.1 at 2014-06-16 22:39:12 -0500


Started GET "/assets/services/global/empty.js?body=1" for 127.0.0.1 at 2014-06-16 22:39:13 -0500


Started GET "/assets/filters/global/empty.js?body=1" for 127.0.0.1 at 2014-06-16 22:39:13 -0500


Started GET "/assets/services/main/scriptData.js?body=1" for 127.0.0.1 at 2014-06-16 22:39:13 -0500


Started GET "/assets/bootstrap-min.js?body=1" for 127.0.0.1 at 2014-06-16 22:39:13 -0500


Started GET "/assets/services/main/postData.js?body=1" for 127.0.0.1 at 2014-06-16 22:39:13 -0500


Started GET "/assets/filters/main/empty.js?body=1" for 127.0.0.1 at 2014-06-16 22:39:13 -0500


Started GET "/assets/controllers/main/mainCreatePostCtrl.js?body=1" for 127.0.0.1 at 2014-06-16 22:39:13 -0500


Started GET "/assets/controllers/global/empty.js?body=1" for 127.0.0.1 at 2014-06-16 22:39:13 -0500


Started GET "/assets/controllers/main/mainGamePlayCtrl.js?body=1" for 127.0.0.1 at 2014-06-16 22:39:13 -0500


Started GET "/assets/controllers/main/mainLessonCtrl.js?body=1" for 127.0.0.1 at 2014-06-16 22:39:13 -0500


Started GET "/assets/controllers/main/mainIndexCtrl.js?body=1" for 127.0.0.1 at 2014-06-16 22:39:13 -0500


Started GET "/assets/controllers/main/mainPostCtrl.js?body=1" for 127.0.0.1 at 2014-06-16 22:39:13 -0500


Started GET "/assets/controllers/main/mainScriptCtrl.js?body=1" for 127.0.0.1 at 2014-06-16 22:39:13 -0500


Started GET "/assets/controllers/main/mainTrackCtrl.js?body=1" for 127.0.0.1 at 2014-06-16 22:39:13 -0500


Started GET "/assets/directives/global/nav-bar.js?body=1" for 127.0.0.1 at 2014-06-16 22:39:13 -0500


Started GET "/assets/controllers/main/mainPlayCtrl.js?body=1" for 127.0.0.1 at 2014-06-16 22:39:13 -0500


Started GET "/assets/directives/main/ng-enter.js?body=1" for 127.0.0.1 at 2014-06-16 22:39:13 -0500


Started GET "/assets/directives/main/empty.js?body=1" for 127.0.0.1 at 2014-06-16 22:39:13 -0500


Started GET "/assets/bootstrap.css.map" for 127.0.0.1 at 2014-06-16 22:39:13 -0500


Started GET "/assets/directives/main/trial-game.js?body=1" for 127.0.0.1 at 2014-06-16 22:39:13 -0500


Started GET "/assets/mainIndex.html" for 127.0.0.1 at 2014-06-16 22:39:13 -0500


Started GET "/assets/nav-bar.html" for 127.0.0.1 at 2014-06-16 22:39:13 -0500


Started GET "/assets/trial-game.html" for 127.0.0.1 at 2014-06-16 22:39:13 -0500


Started GET "/scripts.json" for 127.0.0.1 at 2014-06-16 22:39:13 -0500
Processing by ScriptsController#index as JSON
  [1m[36mScript Load (0.5ms)[0m  [1mSELECT "scripts".* FROM "scripts"[0m
Completed 200 OK in 9ms (Views: 0.3ms | ActiveRecord: 0.5ms)


Started POST "/performances.json" for 127.0.0.1 at 2014-06-16 22:39:36 -0500
Processing by PerformancesController#create as JSON
  Parameters: {"new_performance"=>{"number_missed"=>1, "total_characters"=>46, "time_elapsed"=>"1970-01-01T00:00:22.886Z", "wpm"=>2.0536572577121386, "missed_characters"=>"("}, "performance"=>{}}
  [1m[35mUser Load (1.1ms)[0m  SELECT  "users".* FROM "users"  WHERE "users"."id" = 1  ORDER BY "users"."id" ASC LIMIT 1
  [1m[36m (0.7ms)[0m  [1mBEGIN[0m
  [1m[35mSQL (0.4ms)[0m  INSERT INTO "performances" ("created_at", "missed_characters", "number_missed", "time_elapsed", "total_characters", "updated_at", "user_id", "wpm") VALUES ($1, $2, $3, $4, $5, $6, $7, $8) RETURNING "id"  [["created_at", "2014-06-17 03:39:36.443012"], ["missed_characters", "("], ["number_missed", 1], ["time_elapsed", "2000-01-01 00:00:22.000000"], ["total_characters", 46], ["updated_at", "2014-06-17 03:39:36.443012"], ["user_id", 1], ["wpm", 2.0536572577121386]]
  [1m[36m (0.7ms)[0m  [1mCOMMIT[0m
Completed 200 OK in 12ms (Views: 0.2ms | ActiveRecord: 2.8ms)
